Phase 0 time 1
Class 0:
Minimum packet latency = 1.79769e+308
Average packet latency = -nan
Maximum packet latency = 2.22507e-308
Minimum network latency = 1.79769e+308
Average network latency = -nan
Maximum network latency = 2.22507e-308
Slowest packet = -1
Minimum flit latency = 1.79769e+308
Average flit latency = -nan
Maximum flit latency = 2.22507e-308
Slowest flit = -1
Minimum fragmentation = 1.79769e+308
Average fragmentation = -nan
Maximum fragmentation = 2.22507e-308
Minimum injected packet rate = 0 (at node 0)
Average injected packet rate = 0
Maximum injected packet rate = 0 (at node 0)
Minimum accepted packet rate = 0 (at node 0)
Average accepted packet rate = 0
Maximum accepted packet rate = 0 (at node 0)
Minimum injected flit rate = 0 (at node 0)
Average injected flit rate = 0
Maximum injected flit rate = 0 (at node 0)
Minimum accepted flit rate = 0 (at node 0)
Average accepted flit rate = 0
Maximum accepted flit rate = 0 (at node 0)
Average injected packet length = -nan
Average accepted packet length = -nan
Total in-flight flits = 0 (0 measured)
latency change    = nan
throughput change = nan

Phase 1 time 1000001
Class 0:
Minimum packet latency = 8
Average packet latency = 15.2517
Maximum packet latency = 66
Minimum network latency = 8
Average network latency = 15.2517
Maximum network latency = 66
Slowest packet = 3778
Minimum flit latency = 8
Average flit latency = 13.0748
Maximum flit latency = 65
Slowest flit = 11280
Minimum fragmentation = 0
Average fragmentation = 0.049082
Maximum fragmentation = 9
Minimum injected packet rate = 0.002261 (at node 3)
Average injected packet rate = 0.0034585
Maximum injected packet rate = 0.00691699 (at node 0)
Minimum accepted packet rate = 0.002261 (at node 3)
Average accepted packet rate = 0.0034585
Maximum accepted packet rate = 0.00691699 (at node 0)
Minimum injected flit rate = 0.00729299 (at node 3)
Average injected flit rate = 0.0103755
Maximum injected flit rate = 0.019221 (at node 0)
Minimum accepted flit rate = 0.00627299 (at node 3)
Average accepted flit rate = 0.0103755
Maximum accepted flit rate = 0.022281 (at node 0)
Average injected packet length = 3
Average accepted packet length = 3
Total in-flight flits = 0 (0 measured)
latency change    = nan
throughput change = 1

Phase 2 time 2000001
Class 0:
Minimum packet latency = 8
Average packet latency = 15.1698
Maximum packet latency = 66
Minimum network latency = 8
Average network latency = 15.1698
Maximum network latency = 66
Slowest packet = 3778
Minimum flit latency = 8
Average flit latency = 12.9962
Maximum flit latency = 65
Slowest flit = 11280
Minimum fragmentation = 0
Average fragmentation = 0.0481492
Maximum fragmentation = 9
Minimum injected packet rate = 0.0011515 (at node 3)
Average injected packet rate = 0.00176275
Maximum injected packet rate = 0.0035255 (at node 0)
Minimum accepted packet rate = 0.0011515 (at node 3)
Average accepted packet rate = 0.00176275
Maximum accepted packet rate = 0.0035255 (at node 0)
Minimum injected flit rate = 0.0037095 (at node 3)
Average injected flit rate = 0.00528825
Maximum injected flit rate = 0.0098115 (at node 0)
Minimum accepted flit rate = 0.0031995 (at node 3)
Average accepted flit rate = 0.00528825
Maximum accepted flit rate = 0.0113415 (at node 0)
Average injected packet length = 3
Average accepted packet length = 3
Total in-flight flits = 0 (0 measured)
latency change    = 0.00540124
throughput change = 0.96199

Phase 3 time 3000001
Class 0:
Minimum packet latency = 8
Average packet latency = 15.1026
Maximum packet latency = 66
Minimum network latency = 8
Average network latency = 15.1026
Maximum network latency = 66
Slowest packet = 3778
Minimum flit latency = 8
Average flit latency = 12.9318
Maximum flit latency = 65
Slowest flit = 11280
Minimum fragmentation = 0
Average fragmentation = 0.0473831
Maximum fragmentation = 9
Minimum injected packet rate = 0.000779666 (at node 3)
Average injected packet rate = 0.00119417
Maximum injected packet rate = 0.00238833 (at node 0)
Minimum accepted packet rate = 0.000779666 (at node 3)
Average accepted packet rate = 0.00119417
Maximum accepted packet rate = 0.00238833 (at node 0)
Minimum injected flit rate = 0.002509 (at node 3)
Average injected flit rate = 0.0035825
Maximum injected flit rate = 0.006655 (at node 0)
Minimum accepted flit rate = 0.002169 (at node 3)
Average accepted flit rate = 0.0035825
Maximum accepted flit rate = 0.007675 (at node 0)
Average injected packet length = 3
Average accepted packet length = 3
Total in-flight flits = 0 (0 measured)
latency change    = 0.00444832
throughput change = 0.476134

Phase 4 time 4000001
Class 0:
Minimum packet latency = 8
Average packet latency = 15.0381
Maximum packet latency = 66
Minimum network latency = 8
Average network latency = 15.0381
Maximum network latency = 66
Slowest packet = 3778
Minimum flit latency = 8
Average flit latency = 12.8699
Maximum flit latency = 65
Slowest flit = 11280
Minimum fragmentation = 0
Average fragmentation = 0.0466538
Maximum fragmentation = 9
Minimum injected packet rate = 0.00059325 (at node 3)
Average injected packet rate = 0.000909625
Maximum injected packet rate = 0.00181925 (at node 0)
Minimum accepted packet rate = 0.00059325 (at node 3)
Average accepted packet rate = 0.000909625
Maximum accepted packet rate = 0.00181925 (at node 0)
Minimum injected flit rate = 0.00190725 (at node 3)
Average injected flit rate = 0.00272887
Maximum injected flit rate = 0.00507525 (at node 0)
Minimum accepted flit rate = 0.00165225 (at node 3)
Average accepted flit rate = 0.00272887
Maximum accepted flit rate = 0.00584025 (at node 0)
Average injected packet length = 3
Average accepted packet length = 3
Total in-flight flits = 0 (0 measured)
latency change    = 0.00429024
throughput change = 0.312812

Phase 5 time 5000001
Class 0:
Minimum packet latency = 8
Average packet latency = 14.9696
Maximum packet latency = 66
Minimum network latency = 8
Average network latency = 14.9696
Maximum network latency = 66
Slowest packet = 3778
Minimum flit latency = 8
Average flit latency = 12.8042
Maximum flit latency = 65
Slowest flit = 11280
Minimum fragmentation = 0
Average fragmentation = 0.0458846
Maximum fragmentation = 9
Minimum injected packet rate = 0.0004818 (at node 3)
Average injected packet rate = 0.0007399
Maximum injected packet rate = 0.0014798 (at node 0)
Minimum accepted packet rate = 0.0004818 (at node 3)
Average accepted packet rate = 0.0007399
Maximum accepted packet rate = 0.0014798 (at node 0)
Minimum injected flit rate = 0.0015474 (at node 3)
Average injected flit rate = 0.0022197
Maximum injected flit rate = 0.0041334 (at node 0)
Minimum accepted flit rate = 0.0013434 (at node 3)
Average accepted flit rate = 0.0022197
Maximum accepted flit rate = 0.0047454 (at node 0)
Average injected packet length = 3
Average accepted packet length = 3
Total in-flight flits = 0 (0 measured)
latency change    = 0.00457425
throughput change = 0.229389

Phase 6 time 6000001
Class 0:
Minimum packet latency = 8
Average packet latency = 14.9117
Maximum packet latency = 66
Minimum network latency = 8
Average network latency = 14.9117
Maximum network latency = 66
Slowest packet = 3778
Minimum flit latency = 8
Average flit latency = 12.7487
Maximum flit latency = 65
Slowest flit = 11280
Minimum fragmentation = 0
Average fragmentation = 0.0452245
Maximum fragmentation = 9
Minimum injected packet rate = 0.000407167 (at node 3)
Average injected packet rate = 0.000625583
Maximum injected packet rate = 0.00125117 (at node 0)
Minimum accepted packet rate = 0.000407167 (at node 3)
Average accepted packet rate = 0.000625583
Maximum accepted packet rate = 0.00125117 (at node 0)
Minimum injected flit rate = 0.0013065 (at node 3)
Average injected flit rate = 0.00187675
Maximum injected flit rate = 0.0034985 (at node 0)
Minimum accepted flit rate = 0.0011365 (at node 3)
Average accepted flit rate = 0.00187675
Maximum accepted flit rate = 0.0040085 (at node 0)
Average injected packet length = 3
Average accepted packet length = 3
Total in-flight flits = 0 (0 measured)
latency change    = 0.0038834
throughput change = 0.182736

Phase 7 time 7000001
Class 0:
Minimum packet latency = 8
Average packet latency = 14.8443
Maximum packet latency = 66
Minimum network latency = 8
Average network latency = 14.8443
Maximum network latency = 66
Slowest packet = 3778
Minimum flit latency = 8
Average flit latency = 12.684
Maximum flit latency = 65
Slowest flit = 11280
Minimum fragmentation = 0
Average fragmentation = 0.0444663
Maximum fragmentation = 9
Minimum injected packet rate = 0.000354429 (at node 3)
Average injected packet rate = 0.000545357
Maximum injected packet rate = 0.00109071 (at node 0)
Minimum accepted packet rate = 0.000354429 (at node 3)
Average accepted packet rate = 0.000545357
Maximum accepted packet rate = 0.00109071 (at node 0)
Minimum injected flit rate = 0.00113614 (at node 3)
Average injected flit rate = 0.00163607
Maximum injected flit rate = 0.00305357 (at node 0)
Minimum accepted flit rate = 0.000990428 (at node 3)
Average accepted flit rate = 0.00163607
Maximum accepted flit rate = 0.00349071 (at node 0)
Average injected packet length = 3
Average accepted packet length = 3
Total in-flight flits = 0 (0 measured)
latency change    = 0.00454132
throughput change = 0.147108

Phase 8 time 8000001
Class 0:
Minimum packet latency = 8
Average packet latency = 14.7911
Maximum packet latency = 66
Minimum network latency = 8
Average network latency = 14.7911
Maximum network latency = 66
Slowest packet = 3778
Minimum flit latency = 8
Average flit latency = 12.6331
Maximum flit latency = 65
Slowest flit = 11280
Minimum fragmentation = 0
Average fragmentation = 0.0438574
Maximum fragmentation = 9
Minimum injected packet rate = 0.000314375 (at node 3)
Average injected packet rate = 0.000483812
Maximum injected packet rate = 0.000967625 (at node 0)
Minimum accepted packet rate = 0.000314375 (at node 3)
Average accepted packet rate = 0.000483812
Maximum accepted packet rate = 0.000967625 (at node 0)
Minimum injected flit rate = 0.00100687 (at node 3)
Average injected flit rate = 0.00145144
Maximum injected flit rate = 0.00271162 (at node 0)
Minimum accepted flit rate = 0.000879375 (at node 3)
Average accepted flit rate = 0.00145144
Maximum accepted flit rate = 0.00309412 (at node 0)
Average injected packet length = 3
Average accepted packet length = 3
Total in-flight flits = 0 (0 measured)
latency change    = 0.00359388
throughput change = 0.127208

Phase 9 time 9000001
Class 0:
Minimum packet latency = 8
Average packet latency = 14.7293
Maximum packet latency = 66
Minimum network latency = 8
Average network latency = 14.7293
Maximum network latency = 66
Slowest packet = 3778
Minimum flit latency = 8
Average flit latency = 12.5737
Maximum flit latency = 65
Slowest flit = 11280
Minimum fragmentation = 0
Average fragmentation = 0.0431659
Maximum fragmentation = 9
Minimum injected packet rate = 0.000283444 (at node 3)
Average injected packet rate = 0.000436944
Maximum injected packet rate = 0.000873889 (at node 0)
Minimum accepted packet rate = 0.000283444 (at node 3)
Average accepted packet rate = 0.000436944
Maximum accepted packet rate = 0.000873889 (at node 0)
Minimum injected flit rate = 0.000907 (at node 3)
Average injected flit rate = 0.00131083
Maximum injected flit rate = 0.00245167 (at node 0)
Minimum accepted flit rate = 0.000793667 (at node 3)
Average accepted flit rate = 0.00131083
Maximum accepted flit rate = 0.00279167 (at node 0)
Average injected packet length = 3
Average accepted packet length = 3
Total in-flight flits = 0 (0 measured)
latency change    = 0.00419607
throughput change = 0.107263

Phase 10 time 10000001
Class 0:
Minimum packet latency = 8
Average packet latency = 14.6741
Maximum packet latency = 66
Minimum network latency = 8
Average network latency = 14.6741
Maximum network latency = 66
Slowest packet = 3778
Minimum flit latency = 8
Average flit latency = 12.5208
Maximum flit latency = 65
Slowest flit = 11280
Minimum fragmentation = 0
Average fragmentation = 0.0425385
Maximum fragmentation = 9
Minimum injected packet rate = 0.0002587 (at node 3)
Average injected packet rate = 0.00039905
Maximum injected packet rate = 0.0007981 (at node 0)
Minimum accepted packet rate = 0.0002587 (at node 3)
Average accepted packet rate = 0.00039905
Maximum accepted packet rate = 0.0007981 (at node 0)
Minimum injected flit rate = 0.0008271 (at node 3)
Average injected flit rate = 0.00119715
Maximum injected flit rate = 0.0022413 (at node 0)
Minimum accepted flit rate = 0.0007251 (at node 3)
Average accepted flit rate = 0.00119715
Maximum accepted flit rate = 0.0025473 (at node 0)
Average injected packet length = 3
Average accepted packet length = 3
Total in-flight flits = 0 (0 measured)
latency change    = 0.00376214
throughput change = 0.0949616

Phase 11 time 11000001
Class 0:
Minimum packet latency = 8
Average packet latency = 14.6171
Maximum packet latency = 66
Minimum network latency = 8
Average network latency = 14.6171
Maximum network latency = 66
Slowest packet = 3778
Minimum flit latency = 8
Average flit latency = 12.4661
Maximum flit latency = 65
Slowest flit = 11280
Minimum fragmentation = 0
Average fragmentation = 0.0418981
Maximum fragmentation = 9
Minimum injected packet rate = 0.000238455 (at node 3)
Average injected packet rate = 0.000368318
Maximum injected packet rate = 0.000736636 (at node 0)
Minimum accepted packet rate = 0.000238455 (at node 3)
Average accepted packet rate = 0.000368318
Maximum accepted packet rate = 0.000736636 (at node 0)
Minimum injected flit rate = 0.000761727 (at node 3)
Average injected flit rate = 0.00110495
Maximum injected flit rate = 0.00207082 (at node 0)
Minimum accepted flit rate = 0.000669 (at node 3)
Average accepted flit rate = 0.00110495
Maximum accepted flit rate = 0.002349 (at node 0)
Average injected packet length = 3
Average accepted packet length = 3
Total in-flight flits = 0 (0 measured)
latency change    = 0.00390267
throughput change = 0.0834382

Phase 12 time 12000001
Class 0:
Minimum packet latency = 8
Average packet latency = 14.5654
Maximum packet latency = 66
Minimum network latency = 8
Average network latency = 14.5654
Maximum network latency = 66
Slowest packet = 3778
Minimum flit latency = 8
Average flit latency = 12.4165
Maximum flit latency = 65
Slowest flit = 11280
Minimum fragmentation = 0
Average fragmentation = 0.0413168
Maximum fragmentation = 9
Minimum injected packet rate = 0.000221417 (at node 3)
Average injected packet rate = 0.000342375
Maximum injected packet rate = 0.00068475 (at node 0)
Minimum accepted packet rate = 0.000221417 (at node 3)
Average accepted packet rate = 0.000342375
Maximum accepted packet rate = 0.00068475 (at node 0)
Minimum injected flit rate = 0.00070675 (at node 3)
Average injected flit rate = 0.00102712
Maximum injected flit rate = 0.00192675 (at node 0)
Minimum accepted flit rate = 0.00062175 (at node 3)
Average accepted flit rate = 0.00102712
Maximum accepted flit rate = 0.00218175 (at node 0)
Average injected packet length = 3
Average accepted packet length = 3
Total in-flight flits = 0 (0 measured)
latency change    = 0.00354554
throughput change = 0.0757742

Phase 13 time 13000001
Class 0:
Minimum packet latency = 8
Average packet latency = 14.517
Maximum packet latency = 66
Minimum network latency = 8
Average network latency = 14.517
Maximum network latency = 66
Slowest packet = 3778
Minimum flit latency = 8
Average flit latency = 12.3701
Maximum flit latency = 65
Slowest flit = 11280
Minimum fragmentation = 0
Average fragmentation = 0.0407612
Maximum fragmentation = 9
Minimum injected packet rate = 0.000207154 (at node 3)
Average injected packet rate = 0.000320346
Maximum injected packet rate = 0.000640692 (at node 0)
Minimum accepted packet rate = 0.000207154 (at node 3)
Average accepted packet rate = 0.000320346
Maximum accepted packet rate = 0.000640692 (at node 0)
Minimum injected flit rate = 0.000660692 (at node 3)
Average injected flit rate = 0.000961038
Maximum injected flit rate = 0.00180438 (at node 0)
Minimum accepted flit rate = 0.000582231 (at node 3)
Average accepted flit rate = 0.000961038
Maximum accepted flit rate = 0.00203977 (at node 0)
Average injected packet length = 3
Average accepted packet length = 3
Total in-flight flits = 0 (0 measured)
latency change    = 0.0033357
throughput change = 0.0687658

Phase 14 time 14000001
Class 0:
Minimum packet latency = 8
Average packet latency = 14.4618
Maximum packet latency = 66
Minimum network latency = 8
Average network latency = 14.4618
Maximum network latency = 66
Slowest packet = 3778
Minimum flit latency = 8
Average flit latency = 12.3171
Maximum flit latency = 65
Slowest flit = 11280
Minimum fragmentation = 0
Average fragmentation = 0.0401348
Maximum fragmentation = 9
Minimum injected packet rate = 0.000195214 (at node 3)
Average injected packet rate = 0.000302107
Maximum injected packet rate = 0.000604214 (at node 0)
Minimum accepted packet rate = 0.000195214 (at node 3)
Average accepted packet rate = 0.000302107
Maximum accepted packet rate = 0.000604214 (at node 0)
Minimum injected flit rate = 0.000622071 (at node 3)
Average injected flit rate = 0.000906321
Maximum injected flit rate = 0.00170336 (at node 0)
Minimum accepted flit rate = 0.000549214 (at node 3)
Average accepted flit rate = 0.000906321
Maximum accepted flit rate = 0.00192193 (at node 0)
Average injected packet length = 3
Average accepted packet length = 3
Total in-flight flits = 0 (0 measured)
latency change    = 0.00381919
throughput change = 0.0603727

Phase 15 time 15000001
Class 0:
Minimum packet latency = 8
Average packet latency = 14.413
Maximum packet latency = 66
Minimum network latency = 8
Average network latency = 14.413
Maximum network latency = 66
Slowest packet = 3778
Minimum flit latency = 8
Average flit latency = 12.2703
Maximum flit latency = 65
Slowest flit = 11280
Minimum fragmentation = 0
Average fragmentation = 0.0395826
Maximum fragmentation = 9
Minimum injected packet rate = 0.0001846 (at node 3)
Average injected packet rate = 0.0002859
Maximum injected packet rate = 0.0005718 (at node 0)
Minimum accepted packet rate = 0.0001846 (at node 3)
Average accepted packet rate = 0.0002859
Maximum accepted packet rate = 0.0005718 (at node 0)
Minimum injected flit rate = 0.0005878 (at node 3)
Average injected flit rate = 0.0008577
Maximum injected flit rate = 0.0016134 (at node 0)
Minimum accepted flit rate = 0.0005198 (at node 3)
Average accepted flit rate = 0.0008577
Maximum accepted flit rate = 0.0018174 (at node 0)
Average injected packet length = 3
Average accepted packet length = 3
Total in-flight flits = 0 (0 measured)
latency change    = 0.00338527
throughput change = 0.0566881

Phase 16 time 16000001
Class 0:
Minimum packet latency = 8
Average packet latency = 14.3655
Maximum packet latency = 66
Minimum network latency = 8
Average network latency = 14.3655
Maximum network latency = 66
Slowest packet = 3778
Minimum flit latency = 8
Average flit latency = 12.2248
Maximum flit latency = 65
Slowest flit = 11280
Minimum fragmentation = 0
Average fragmentation = 0.0390454
Maximum fragmentation = 9
Minimum injected packet rate = 0.000175312 (at node 3)
Average injected packet rate = 0.000271719
Maximum injected packet rate = 0.000543437 (at node 0)
Minimum accepted packet rate = 0.000175312 (at node 3)
Average accepted packet rate = 0.000271719
Maximum accepted packet rate = 0.000543437 (at node 0)
Minimum injected flit rate = 0.000557812 (at node 3)
Average injected flit rate = 0.000815156
Maximum injected flit rate = 0.00153469 (at node 0)
Minimum accepted flit rate = 0.000494062 (at node 3)
Average accepted flit rate = 0.000815156
Maximum accepted flit rate = 0.00172594 (at node 0)
Average injected packet length = 3
Average accepted packet length = 3
Total in-flight flits = 0 (0 measured)
latency change    = 0.00330427
throughput change = 0.0521909

Phase 17 time 17000001
Class 0:
Minimum packet latency = 8
Average packet latency = 14.3216
Maximum packet latency = 66
Minimum network latency = 8
Average network latency = 14.3216
Maximum network latency = 66
Slowest packet = 3778
Minimum flit latency = 8
Average flit latency = 12.1826
Maximum flit latency = 65
Slowest flit = 11280
Minimum fragmentation = 0
Average fragmentation = 0.0385489
Maximum fragmentation = 9
Minimum injected packet rate = 0.000167 (at node 3)
Average injected packet rate = 0.000259029
Maximum injected packet rate = 0.000518059 (at node 0)
Minimum accepted packet rate = 0.000167 (at node 3)
Average accepted packet rate = 0.000259029
Maximum accepted packet rate = 0.000518059 (at node 0)
Minimum injected flit rate = 0.000531 (at node 3)
Average injected flit rate = 0.000777088
Maximum injected flit rate = 0.00146418 (at node 0)
Minimum accepted flit rate = 0.000471 (at node 3)
Average accepted flit rate = 0.000777088
Maximum accepted flit rate = 0.00164418 (at node 0)
Average injected packet length = 3
Average accepted packet length = 3
Total in-flight flits = 0 (0 measured)
latency change    = 0.00306775
throughput change = 0.048988

Phase 18 time 18000001
Class 0:
Minimum packet latency = 8
Average packet latency = 14.2775
Maximum packet latency = 66
Minimum network latency = 8
Average network latency = 14.2775
Maximum network latency = 66
Slowest packet = 3778
Minimum flit latency = 8
Average flit latency = 12.1404
Maximum flit latency = 65
Slowest flit = 11280
Minimum fragmentation = 0
Average fragmentation = 0.0380477
Maximum fragmentation = 9
Minimum injected packet rate = 0.000159722 (at node 3)
Average injected packet rate = 0.000247861
Maximum injected packet rate = 0.000495722 (at node 0)
Minimum accepted packet rate = 0.000159722 (at node 3)
Average accepted packet rate = 0.000247861
Maximum accepted packet rate = 0.000495722 (at node 0)
Minimum injected flit rate = 0.0005075 (at node 3)
Average injected flit rate = 0.000743583
Maximum injected flit rate = 0.00140217 (at node 0)
Minimum accepted flit rate = 0.000450833 (at node 3)
Average accepted flit rate = 0.000743583
Maximum accepted flit rate = 0.00157217 (at node 0)
Average injected packet length = 3
Average accepted packet length = 3
Total in-flight flits = 0 (0 measured)
latency change    = 0.00308719
throughput change = 0.0450587

Phase 19 time 19000001
Class 0:
Minimum packet latency = 8
Average packet latency = 14.2345
Maximum packet latency = 66
Minimum network latency = 8
Average network latency = 14.2345
Maximum network latency = 66
Slowest packet = 3778
Minimum flit latency = 8
Average flit latency = 12.0992
Maximum flit latency = 65
Slowest flit = 11280
Minimum fragmentation = 0
Average fragmentation = 0.0375595
Maximum fragmentation = 9
Minimum injected packet rate = 0.000153211 (at node 3)
Average injected packet rate = 0.000237868
Maximum injected packet rate = 0.000475737 (at node 0)
Minimum accepted packet rate = 0.000153211 (at node 3)
Average accepted packet rate = 0.000237868
Maximum accepted packet rate = 0.000475737 (at node 0)
Minimum injected flit rate = 0.000486474 (at node 3)
Average injected flit rate = 0.000713605
Maximum injected flit rate = 0.00134668 (at node 0)
Minimum accepted flit rate = 0.000432789 (at node 3)
Average accepted flit rate = 0.000713605
Maximum accepted flit rate = 0.00150774 (at node 0)
Average injected packet length = 3
Average accepted packet length = 3
Total in-flight flits = 0 (0 measured)
latency change    = 0.00301702
throughput change = 0.0420093

Phase 20 time 20000001
Class 0:
Minimum packet latency = 8
Average packet latency = 14.1945
Maximum packet latency = 66
Minimum network latency = 8
Average network latency = 14.1945
Maximum network latency = 66
Slowest packet = 3778
Minimum flit latency = 8
Average flit latency = 12.0608
Maximum flit latency = 65
Slowest flit = 11280
Minimum fragmentation = 0
Average fragmentation = 0.0370998
Maximum fragmentation = 9
Minimum injected packet rate = 0.00014735 (at node 3)
Average injected packet rate = 0.000228775
Maximum injected packet rate = 0.00045755 (at node 0)
Minimum accepted packet rate = 0.00014735 (at node 3)
Average accepted packet rate = 0.000228775
Maximum accepted packet rate = 0.00045755 (at node 0)
Minimum injected flit rate = 0.00046755 (at node 3)
Average injected flit rate = 0.000686325
Maximum injected flit rate = 0.00129615 (at node 0)
Minimum accepted flit rate = 0.00041655 (at node 3)
Average accepted flit rate = 0.000686325
Maximum accepted flit rate = 0.00144915 (at node 0)
Average injected packet length = 3
Average accepted packet length = 3
Total in-flight flits = 0 (0 measured)
latency change    = 0.00281975
throughput change = 0.0397483

Phase 21 time 21000001
Class 0:
Minimum packet latency = 8
Average packet latency = 14.1103
Maximum packet latency = 66
Minimum network latency = 8
Average network latency = 14.1103
Maximum network latency = 66
Slowest packet = 3778
Minimum flit latency = 8
Average flit latency = 11.98
Maximum flit latency = 65
Slowest flit = 11280
Minimum fragmentation = 0
Average fragmentation = 0.0361247
Maximum fragmentation = 9
Minimum injected packet rate = 0.00014419 (at node 3)
Average injected packet rate = 0.000223762
Maximum injected packet rate = 0.000447524 (at node 0)
Minimum accepted packet rate = 0.00014419 (at node 3)
Average accepted packet rate = 0.000223762
Maximum accepted packet rate = 0.000447524 (at node 0)
Minimum injected flit rate = 0.000456952 (at node 3)
Average injected flit rate = 0.000671286
Maximum injected flit rate = 0.00126962 (at node 0)
Minimum accepted flit rate = 0.00040819 (at node 3)
Average accepted flit rate = 0.000671286
Maximum accepted flit rate = 0.00141552 (at node 0)
Average injected packet length = 3
Average accepted packet length = 3
Total in-flight flits = 0 (0 measured)
latency change    = 0.00596524
throughput change = 0.0224037

Phase 22 time 22000001
Class 0:
Minimum packet latency = 8
Average packet latency = 13.9421
Maximum packet latency = 66
Minimum network latency = 8
Average network latency = 13.9421
Maximum network latency = 66
Slowest packet = 3778
Minimum flit latency = 8
Average flit latency = 11.8189
Maximum flit latency = 65
Slowest flit = 11280
Minimum fragmentation = 0
Average fragmentation = 0.0341962
Maximum fragmentation = 9
Minimum injected packet rate = 0.000145273 (at node 3)
Average injected packet rate = 0.000225636
Maximum injected packet rate = 0.000451273 (at node 0)
Minimum accepted packet rate = 0.000145273 (at node 3)
Average accepted packet rate = 0.000225636
Maximum accepted packet rate = 0.000451273 (at node 0)
Minimum injected flit rate = 0.000459091 (at node 3)
Average injected flit rate = 0.000676909
Maximum injected flit rate = 0.00128418 (at node 0)
Minimum accepted flit rate = 0.000412545 (at node 3)
Average accepted flit rate = 0.000676909
Maximum accepted flit rate = 0.00142345 (at node 0)
Average injected packet length = 3
Average accepted packet length = 3
Total in-flight flits = 0 (0 measured)
latency change    = 0.0120648
throughput change = 0.00830743

Phase 23 time 23000001
Class 0:
Minimum packet latency = 8
Average packet latency = 13.7978
Maximum packet latency = 66
Minimum network latency = 8
Average network latency = 13.7978
Maximum network latency = 66
Slowest packet = 3778
Minimum flit latency = 8
Average flit latency = 11.6803
Maximum flit latency = 65
Slowest flit = 11280
Minimum fragmentation = 0
Average fragmentation = 0.0325316
Maximum fragmentation = 9
Minimum injected packet rate = 0.000146087 (at node 3)
Average injected packet rate = 0.00022687
Maximum injected packet rate = 0.000453739 (at node 0)
Minimum accepted packet rate = 0.000146087 (at node 3)
Average accepted packet rate = 0.00022687
Maximum accepted packet rate = 0.000453739 (at node 0)
Minimum injected flit rate = 0.000460522 (at node 3)
Average injected flit rate = 0.000680609
Maximum injected flit rate = 0.00129461 (at node 0)
Minimum accepted flit rate = 0.000416 (at node 3)
Average accepted flit rate = 0.000680609
Maximum accepted flit rate = 0.00142783 (at node 0)
Average injected packet length = 3
Average accepted packet length = 3
Total in-flight flits = 0 (0 measured)
latency change    = 0.0104595
throughput change = 0.00543573

Phase 24 time 24000001
Class 0:
Minimum packet latency = 8
Average packet latency = 13.6693
Maximum packet latency = 66
Minimum network latency = 8
Average network latency = 13.6693
Maximum network latency = 66
Slowest packet = 3778
Minimum flit latency = 8
Average flit latency = 11.557
Maximum flit latency = 65
Slowest flit = 11280
Minimum fragmentation = 0
Average fragmentation = 0.0310386
Maximum fragmentation = 9
Minimum injected packet rate = 0.000146917 (at node 3)
Average injected packet rate = 0.000227875
Maximum injected packet rate = 0.00045575 (at node 0)
Minimum accepted packet rate = 0.000146917 (at node 3)
Average accepted packet rate = 0.000227875
Maximum accepted packet rate = 0.00045575 (at node 0)
Minimum injected flit rate = 0.000462083 (at node 3)
Average injected flit rate = 0.000683625
Maximum injected flit rate = 0.00130342 (at node 0)
Minimum accepted flit rate = 0.000419417 (at node 3)
Average accepted flit rate = 0.000683625
Maximum accepted flit rate = 0.00143108 (at node 0)
Average injected packet length = 3
Average accepted packet length = 3
Total in-flight flits = 0 (0 measured)
latency change    = 0.00940042
throughput change = 0.00441222

Phase 25 time 25000001
Class 0:
Minimum packet latency = 8
Average packet latency = 13.55
Maximum packet latency = 66
Minimum network latency = 8
Average network latency = 13.55
Maximum network latency = 66
Slowest packet = 3778
Minimum flit latency = 8
Average flit latency = 11.4428
Maximum flit latency = 65
Slowest flit = 11280
Minimum fragmentation = 0
Average fragmentation = 0.02963
Maximum fragmentation = 9
Minimum injected packet rate = 0.00014824 (at node 3)
Average injected packet rate = 0.00022916
Maximum injected packet rate = 0.00045832 (at node 0)
Minimum accepted packet rate = 0.00014824 (at node 3)
Average accepted packet rate = 0.00022916
Maximum accepted packet rate = 0.00045832 (at node 0)
Minimum injected flit rate = 0.0004652 (at node 3)
Average injected flit rate = 0.00068748
Maximum injected flit rate = 0.00131368 (at node 0)
Minimum accepted flit rate = 0.00042424 (at node 3)
Average accepted flit rate = 0.00068748
Maximum accepted flit rate = 0.00143624 (at node 0)
Average injected packet length = 3
Average accepted packet length = 3
Total in-flight flits = 0 (0 measured)
latency change    = 0.0088051
throughput change = 0.00560744

Phase 26 time 26000001
Class 0:
Minimum packet latency = 8
Average packet latency = 13.4419
Maximum packet latency = 66
Minimum network latency = 8
Average network latency = 13.4419
Maximum network latency = 66
Slowest packet = 3778
Minimum flit latency = 8
Average flit latency = 11.3392
Maximum flit latency = 65
Slowest flit = 11280
Minimum fragmentation = 0
Average fragmentation = 0.0285858
Maximum fragmentation = 9
Minimum injected packet rate = 0.000148923 (at node 3)
Average injected packet rate = 0.000230077
Maximum injected packet rate = 0.000460154 (at node 0)
Minimum accepted packet rate = 0.000148923 (at node 3)
Average accepted packet rate = 0.000230077
Maximum accepted packet rate = 0.000460154 (at node 0)
Minimum injected flit rate = 0.000466462 (at node 3)
Average injected flit rate = 0.000690231
Maximum injected flit rate = 0.00132154 (at node 0)
Minimum accepted flit rate = 0.000427077 (at node 3)
Average accepted flit rate = 0.000690231
Maximum accepted flit rate = 0.00143938 (at node 0)
Average injected packet length = 3
Average accepted packet length = 3
Total in-flight flits = 0 (0 measured)
latency change    = 0.00804512
throughput change = 0.00398529

Phase 27 time 27000001
Class 0:
Minimum packet latency = 8
Average packet latency = 13.3384
Maximum packet latency = 66
Minimum network latency = 8
Average network latency = 13.3384
Maximum network latency = 66
Slowest packet = 3778
Minimum flit latency = 8
Average flit latency = 11.2399
Maximum flit latency = 65
Slowest flit = 11280
Minimum fragmentation = 0
Average fragmentation = 0.0277822
Maximum fragmentation = 9
Minimum injected packet rate = 0.000149704 (at node 3)
Average injected packet rate = 0.000231296
Maximum injected packet rate = 0.000462593 (at node 0)
Minimum accepted packet rate = 0.000149704 (at node 3)
Average accepted packet rate = 0.000231296
Maximum accepted packet rate = 0.000462593 (at node 0)
Minimum injected flit rate = 0.000468074 (at node 3)
Average injected flit rate = 0.000693889
Maximum injected flit rate = 0.00133104 (at node 0)
Minimum accepted flit rate = 0.000430148 (at node 3)
Average accepted flit rate = 0.000693889
Maximum accepted flit rate = 0.00144452 (at node 0)
Average injected packet length = 3
Average accepted packet length = 3
Total in-flight flits = 0 (0 measured)
latency change    = 0.00776082
throughput change = 0.00527191

Phase 28 time 28000001
Class 0:
Minimum packet latency = 8
Average packet latency = 13.2446
Maximum packet latency = 66
Minimum network latency = 8
Average network latency = 13.2446
Maximum network latency = 66
Slowest packet = 3778
Minimum flit latency = 8
Average flit latency = 11.1498
Maximum flit latency = 65
Slowest flit = 11280
Minimum fragmentation = 0
Average fragmentation = 0.0266882
Maximum fragmentation = 9
Minimum injected packet rate = 0.000150143 (at node 3)
Average injected packet rate = 0.000232179
Maximum injected packet rate = 0.000464357 (at node 0)
Minimum accepted packet rate = 0.000150143 (at node 3)
Average accepted packet rate = 0.000232179
Maximum accepted packet rate = 0.000464357 (at node 0)
Minimum injected flit rate = 0.000468714 (at node 3)
Average injected flit rate = 0.000696536
Maximum injected flit rate = 0.00133836 (at node 0)
Minimum accepted flit rate = 0.000432143 (at node 3)
Average accepted flit rate = 0.000696536
Maximum accepted flit rate = 0.00144779 (at node 0)
Average injected packet length = 3
Average accepted packet length = 3
Total in-flight flits = 0 (0 measured)
latency change    = 0.0070801
throughput change = 0.00379999

Phase 29 time 29000001
Class 0:
Minimum packet latency = 8
Average packet latency = 13.1626
Maximum packet latency = 66
Minimum network latency = 8
Average network latency = 13.1626
Maximum network latency = 66
Slowest packet = 3778
Minimum flit latency = 8
Average flit latency = 11.0713
Maximum flit latency = 65
Slowest flit = 11280
Minimum fragmentation = 0
Average fragmentation = 0.0257189
Maximum fragmentation = 9
Minimum injected packet rate = 0.000150483 (at node 3)
Average injected packet rate = 0.000232621
Maximum injected packet rate = 0.000465241 (at node 0)
Minimum accepted packet rate = 0.000150483 (at node 3)
Average accepted packet rate = 0.000232621
Maximum accepted packet rate = 0.000465241 (at node 0)
Minimum injected flit rate = 0.000469103 (at node 3)
Average injected flit rate = 0.000697862
Maximum injected flit rate = 0.0013429 (at node 0)
Minimum accepted flit rate = 0.000433793 (at node 3)
Average accepted flit rate = 0.000697862
Maximum accepted flit rate = 0.00144855 (at node 0)
Average injected packet length = 3
Average accepted packet length = 3
Total in-flight flits = 0 (0 measured)
latency change    = 0.00622978
throughput change = 0.0019006

Phase 30 time 30000001
Class 0:
Minimum packet latency = 8
Average packet latency = 13.0817
Maximum packet latency = 66
Minimum network latency = 8
Average network latency = 13.0817
Maximum network latency = 66
Slowest packet = 3778
Minimum flit latency = 8
Average flit latency = 10.9938
Maximum flit latency = 65
Slowest flit = 11280
Minimum fragmentation = 0
Average fragmentation = 0.0247786
Maximum fragmentation = 9
Minimum injected packet rate = 0.000150867 (at node 3)
Average injected packet rate = 0.0002334
Maximum injected packet rate = 0.0004668 (at node 0)
Minimum accepted packet rate = 0.000150867 (at node 3)
Average accepted packet rate = 0.0002334
Maximum accepted packet rate = 0.0004668 (at node 0)
Minimum injected flit rate = 0.000469667 (at node 3)
Average injected flit rate = 0.0007002
Maximum injected flit rate = 0.00134933 (at node 0)
Minimum accepted flit rate = 0.000435533 (at node 3)
Average accepted flit rate = 0.0007002
Maximum accepted flit rate = 0.00145147 (at node 0)
Average injected packet length = 3
Average accepted packet length = 3
Total in-flight flits = 0 (0 measured)
latency change    = 0.00618047
throughput change = 0.00333895

Phase 31 time 31000001
Class 0:
Minimum packet latency = 8
Average packet latency = 13.0071
Maximum packet latency = 66
Minimum network latency = 8
Average network latency = 13.0071
Maximum network latency = 66
Slowest packet = 3778
Minimum flit latency = 8
Average flit latency = 10.9223
Maximum flit latency = 65
Slowest flit = 11280
Minimum fragmentation = 0
Average fragmentation = 0.0238981
Maximum fragmentation = 9
Minimum injected packet rate = 0.000151419 (at node 3)
Average injected packet rate = 0.000234194
Maximum injected packet rate = 0.000468387 (at node 0)
Minimum accepted packet rate = 0.000151419 (at node 3)
Average accepted packet rate = 0.000234194
Maximum accepted packet rate = 0.000468387 (at node 0)
Minimum injected flit rate = 0.000470774 (at node 3)
Average injected flit rate = 0.000702581
Maximum injected flit rate = 0.00135574 (at node 0)
Minimum accepted flit rate = 0.000437742 (at node 3)
Average accepted flit rate = 0.000702581
Maximum accepted flit rate = 0.00145458 (at node 0)
Average injected packet length = 3
Average accepted packet length = 3
Total in-flight flits = 0 (0 measured)
latency change    = 0.00573787
throughput change = 0.00338843

Phase 32 time 32000001
Class 0:
Minimum packet latency = 8
Average packet latency = 12.9388
Maximum packet latency = 66
Minimum network latency = 8
Average network latency = 12.9388
Maximum network latency = 66
Slowest packet = 3778
Minimum flit latency = 8
Average flit latency = 10.8567
Maximum flit latency = 65
Slowest flit = 11280
Minimum fragmentation = 0
Average fragmentation = 0.0230964
Maximum fragmentation = 9
Minimum injected packet rate = 0.00015175 (at node 3)
Average injected packet rate = 0.00023475
Maximum injected packet rate = 0.0004695 (at node 0)
Minimum accepted packet rate = 0.00015175 (at node 3)
Average accepted packet rate = 0.00023475
Maximum accepted packet rate = 0.0004695 (at node 0)
Minimum injected flit rate = 0.00047125 (at node 3)
Average injected flit rate = 0.00070425
Maximum injected flit rate = 0.00136062 (at node 0)
Minimum accepted flit rate = 0.00043925 (at node 3)
Average accepted flit rate = 0.00070425
Maximum accepted flit rate = 0.00145637 (at node 0)
Average injected packet length = 3
Average accepted packet length = 3
Total in-flight flits = 0 (0 measured)
latency change    = 0.00528095
throughput change = 0.0023704

Phase 33 time 33000001
Class 0:
Minimum packet latency = 8
Average packet latency = 12.877
Maximum packet latency = 66
Minimum network latency = 8
Average network latency = 12.877
Maximum network latency = 66
Slowest packet = 3778
Minimum flit latency = 8
Average flit latency = 10.7976
Maximum flit latency = 65
Slowest flit = 11280
Minimum fragmentation = 0
Average fragmentation = 0.0223467
Maximum fragmentation = 9
Minimum injected packet rate = 0.000152424 (at node 3)
Average injected packet rate = 0.000235273
Maximum injected packet rate = 0.000470545 (at node 0)
Minimum accepted packet rate = 0.000152424 (at node 3)
Average accepted packet rate = 0.000235273
Maximum accepted packet rate = 0.000470545 (at node 0)
Minimum injected flit rate = 0.000472788 (at node 3)
Average injected flit rate = 0.000705818
Maximum injected flit rate = 0.00136521 (at node 0)
Minimum accepted flit rate = 0.000441758 (at node 3)
Average accepted flit rate = 0.000705818
Maximum accepted flit rate = 0.00145806 (at node 0)
Average injected packet length = 3
Average accepted packet length = 3
Total in-flight flits = 0 (0 measured)
latency change    = 0.00479428
throughput change = 0.00222179

Phase 34 time 34000001
Class 0:
Minimum packet latency = 8
Average packet latency = 12.8193
Maximum packet latency = 66
Minimum network latency = 8
Average network latency = 12.8193
Maximum network latency = 66
Slowest packet = 3778
Minimum flit latency = 8
Average flit latency = 10.7423
Maximum flit latency = 65
Slowest flit = 11280
Minimum fragmentation = 0
Average fragmentation = 0.021674
Maximum fragmentation = 9
Minimum injected packet rate = 0.000152471 (at node 3)
Average injected packet rate = 0.000235441
Maximum injected packet rate = 0.000470882 (at node 0)
Minimum accepted packet rate = 0.000152471 (at node 3)
Average accepted packet rate = 0.000235441
Maximum accepted packet rate = 0.000470882 (at node 0)
Minimum injected flit rate = 0.000472471 (at node 3)
Average injected flit rate = 0.000706324
Maximum injected flit rate = 0.00136759 (at node 0)
Minimum accepted flit rate = 0.000442353 (at node 3)
Average accepted flit rate = 0.000706324
Maximum accepted flit rate = 0.00145771 (at node 0)
Average injected packet length = 3
Average accepted packet length = 3
Total in-flight flits = 0 (0 measured)
latency change    = 0.00450322
throughput change = 0.000715463

Phase 35 time 35000001
Class 0:
Minimum packet latency = 8
Average packet latency = 12.7659
Maximum packet latency = 66
Minimum network latency = 8
Average network latency = 12.7659
Maximum network latency = 66
Slowest packet = 3778
Minimum flit latency = 8
Average flit latency = 10.6911
Maximum flit latency = 65
Slowest flit = 11280
Minimum fragmentation = 0
Average fragmentation = 0.0210354
Maximum fragmentation = 9
Minimum injected packet rate = 0.000152743 (at node 3)
Average injected packet rate = 0.000235657
Maximum injected packet rate = 0.000471314 (at node 0)
Minimum accepted packet rate = 0.000152743 (at node 3)
Average accepted packet rate = 0.000235657
Maximum accepted packet rate = 0.000471314 (at node 0)
Minimum injected flit rate = 0.000472857 (at node 3)
Average injected flit rate = 0.000706971
Maximum injected flit rate = 0.00137017 (at node 0)
Minimum accepted flit rate = 0.0004436 (at node 3)
Average accepted flit rate = 0.000706971
Maximum accepted flit rate = 0.00145771 (at node 0)
Average injected packet length = 3
Average accepted packet length = 3
Total in-flight flits = 0 (0 measured)
latency change    = 0.00417965
throughput change = 0.000916444

Phase 36 time 36000001
Class 0:
Minimum packet latency = 8
Average packet latency = 12.7111
Maximum packet latency = 66
Minimum network latency = 8
Average network latency = 12.7111
Maximum network latency = 66
Slowest packet = 3778
Minimum flit latency = 8
Average flit latency = 10.6385
Maximum flit latency = 65
Slowest flit = 11280
Minimum fragmentation = 0
Average fragmentation = 0.020395
Maximum fragmentation = 9
Minimum injected packet rate = 0.000153056 (at node 3)
Average injected packet rate = 0.000236306
Maximum injected packet rate = 0.000472611 (at node 0)
Minimum accepted packet rate = 0.000153056 (at node 3)
Average accepted packet rate = 0.000236306
Maximum accepted packet rate = 0.000472611 (at node 0)
Minimum injected flit rate = 0.000473389 (at node 3)
Average injected flit rate = 0.000708917
Maximum injected flit rate = 0.00137528 (at node 0)
Minimum accepted flit rate = 0.000444944 (at node 3)
Average accepted flit rate = 0.000708917
Maximum accepted flit rate = 0.00146039 (at node 0)
Average injected packet length = 3
Average accepted packet length = 3
Total in-flight flits = 0 (0 measured)
latency change    = 0.00431067
throughput change = 0.00274396

Phase 37 time 37000001
Class 0:
Minimum packet latency = 8
Average packet latency = 12.6641
Maximum packet latency = 66
Minimum network latency = 8
Average network latency = 12.6641
Maximum network latency = 66
Slowest packet = 3778
Minimum flit latency = 8
Average flit latency = 10.5934
Maximum flit latency = 65
Slowest flit = 11280
Minimum fragmentation = 0
Average fragmentation = 0.0198308
Maximum fragmentation = 9
Minimum injected packet rate = 0.000153297 (at node 3)
Average injected packet rate = 0.000236459
Maximum injected packet rate = 0.000472919 (at node 0)
Minimum accepted packet rate = 0.000153297 (at node 3)
Average accepted packet rate = 0.000236459
Maximum accepted packet rate = 0.000472919 (at node 0)
Minimum injected flit rate = 0.00047373 (at node 3)
Average injected flit rate = 0.000709378
Maximum injected flit rate = 0.00137735 (at node 0)
Minimum accepted flit rate = 0.000446054 (at node 3)
Average accepted flit rate = 0.000709378
Maximum accepted flit rate = 0.00146016 (at node 0)
Average injected packet length = 3
Average accepted packet length = 3
Total in-flight flits = 0 (0 measured)
latency change    = 0.00371484
throughput change = 0.000650869

Phase 38 time 38000001
Class 0:
Minimum packet latency = 8
Average packet latency = 12.6175
Maximum packet latency = 66
Minimum network latency = 8
Average network latency = 12.6175
Maximum network latency = 66
Slowest packet = 3778
Minimum flit latency = 8
Average flit latency = 10.5486
Maximum flit latency = 65
Slowest flit = 11280
Minimum fragmentation = 0
Average fragmentation = 0.0192863
Maximum fragmentation = 9
Minimum injected packet rate = 0.000153421 (at node 3)
Average injected packet rate = 0.000236737
Maximum injected packet rate = 0.000473474 (at node 0)
Minimum accepted packet rate = 0.000153421 (at node 3)
Average accepted packet rate = 0.000236737
Maximum accepted packet rate = 0.000473474 (at node 0)
Minimum injected flit rate = 0.000473737 (at node 3)
Average injected flit rate = 0.000710211
Maximum injected flit rate = 0.00138011 (at node 0)
Minimum accepted flit rate = 0.000446789 (at node 3)
Average accepted flit rate = 0.000710211
Maximum accepted flit rate = 0.00146074 (at node 0)
Average injected packet length = 3
Average accepted packet length = 3
Total in-flight flits = 0 (0 measured)
latency change    = 0.00369611
throughput change = 0.00117169

Phase 39 time 39000001
Class 0:
Minimum packet latency = 8
Average packet latency = 12.5734
Maximum packet latency = 66
Minimum network latency = 8
Average network latency = 12.5734
Maximum network latency = 66
Slowest packet = 3778
Minimum flit latency = 8
Average flit latency = 10.5062
Maximum flit latency = 65
Slowest flit = 11280
Minimum fragmentation = 0
Average fragmentation = 0.018771
Maximum fragmentation = 9
Minimum injected packet rate = 0.000153538 (at node 3)
Average injected packet rate = 0.000237
Maximum injected packet rate = 0.000474 (at node 0)
Minimum accepted packet rate = 0.000153538 (at node 3)
Average accepted packet rate = 0.000237
Maximum accepted packet rate = 0.000474 (at node 0)
Minimum injected flit rate = 0.000473744 (at node 3)
Average injected flit rate = 0.000711
Maximum injected flit rate = 0.00138272 (at node 0)
Minimum accepted flit rate = 0.000447487 (at node 3)
Average accepted flit rate = 0.000711
Maximum accepted flit rate = 0.00146128 (at node 0)
Average injected packet length = 3
Average accepted packet length = 3
Total in-flight flits = 0 (0 measured)
latency change    = 0.0035087
throughput change = 0.00111037

Phase 40 time 40000001
Class 0:
Minimum packet latency = 8
Average packet latency = 12.5293
Maximum packet latency = 66
Minimum network latency = 8
Average network latency = 12.5293
Maximum network latency = 66
Slowest packet = 3778
Minimum flit latency = 8
Average flit latency = 10.4639
Maximum flit latency = 65
Slowest flit = 11280
Minimum fragmentation = 0
Average fragmentation = 0.0182536
Maximum fragmentation = 9
Minimum injected packet rate = 0.00015395 (at node 3)
Average injected packet rate = 0.000237625
Maximum injected packet rate = 0.00047525 (at node 0)
Minimum accepted packet rate = 0.00015395 (at node 3)
Average accepted packet rate = 0.000237625
Maximum accepted packet rate = 0.00047525 (at node 0)
Minimum injected flit rate = 0.00047465 (at node 3)
Average injected flit rate = 0.000712875
Maximum injected flit rate = 0.00138745 (at node 0)
Minimum accepted flit rate = 0.00044905 (at node 3)
Average accepted flit rate = 0.000712875
Maximum accepted flit rate = 0.00146405 (at node 0)
Average injected packet length = 3
Average accepted packet length = 3
Total in-flight flits = 0 (0 measured)
latency change    = 0.00351385
throughput change = 0.0026302

Phase 41 time 41000001
Class 0:
Minimum packet latency = 8
Average packet latency = 12.4884
Maximum packet latency = 66
Minimum network latency = 8
Average network latency = 12.4884
Maximum network latency = 66
Slowest packet = 3778
Minimum flit latency = 8
Average flit latency = 10.4246
Maximum flit latency = 65
Slowest flit = 11280
Minimum fragmentation = 0
Average fragmentation = 0.0177766
Maximum fragmentation = 9
Minimum injected packet rate = 0.000154146 (at node 3)
Average injected packet rate = 0.000238049
Maximum injected packet rate = 0.000476098 (at node 0)
Minimum accepted packet rate = 0.000154146 (at node 3)
Average accepted packet rate = 0.000238049
Maximum accepted packet rate = 0.000476098 (at node 0)
Minimum injected flit rate = 0.000474927 (at node 3)
Average injected flit rate = 0.000714146
Maximum injected flit rate = 0.00139093 (at node 0)
Minimum accepted flit rate = 0.000449951 (at node 3)
Average accepted flit rate = 0.000714146
Maximum accepted flit rate = 0.00146566 (at node 0)
Average injected packet length = 3
Average accepted packet length = 3
Total in-flight flits = 0 (0 measured)
latency change    = 0.0032754
throughput change = 0.00178023

Phase 42 time 42000001
Class 0:
Minimum packet latency = 8
Average packet latency = 12.4502
Maximum packet latency = 66
Minimum network latency = 8
Average network latency = 12.4502
Maximum network latency = 66
Slowest packet = 3778
Minimum flit latency = 8
Average flit latency = 10.3878
Maximum flit latency = 65
Slowest flit = 11280
Minimum fragmentation = 0
Average fragmentation = 0.0173223
Maximum fragmentation = 9
Minimum injected packet rate = 0.000154476 (at node 3)
Average injected packet rate = 0.000238476
Maximum injected packet rate = 0.000476952 (at node 0)
Minimum accepted packet rate = 0.000154476 (at node 3)
Average accepted packet rate = 0.000238476
Maximum accepted packet rate = 0.000476952 (at node 0)
Minimum injected flit rate = 0.000475619 (at node 3)
Average injected flit rate = 0.000715429
Maximum injected flit rate = 0.00139438 (at node 0)
Minimum accepted flit rate = 0.000451238 (at node 3)
Average accepted flit rate = 0.000715429
Maximum accepted flit rate = 0.00146733 (at node 0)
Average injected packet length = 3
Average accepted packet length = 3
Total in-flight flits = 0 (0 measured)
latency change    = 0.00307164
throughput change = 0.00179225

Phase 43 time 43000001
Class 0:
Minimum packet latency = 8
Average packet latency = 12.4139
Maximum packet latency = 66
Minimum network latency = 8
Average network latency = 12.4139
Maximum network latency = 66
Slowest packet = 3778
Minimum flit latency = 8
Average flit latency = 10.3531
Maximum flit latency = 65
Slowest flit = 11280
Minimum fragmentation = 0
Average fragmentation = 0.0168939
Maximum fragmentation = 9
Minimum injected packet rate = 0.000154698 (at node 3)
Average injected packet rate = 0.000238837
Maximum injected packet rate = 0.000477674 (at node 0)
Minimum accepted packet rate = 0.000154698 (at node 3)
Average accepted packet rate = 0.000238837
Maximum accepted packet rate = 0.000477674 (at node 0)
Minimum injected flit rate = 0.000476 (at node 3)
Average injected flit rate = 0.000716512
Maximum injected flit rate = 0.0013974 (at node 0)
Minimum accepted flit rate = 0.000452186 (at node 3)
Average accepted flit rate = 0.000716512
Maximum accepted flit rate = 0.00146865 (at node 0)
Average injected packet length = 3
Average accepted packet length = 3
Total in-flight flits = 0 (0 measured)
latency change    = 0.00292056
throughput change = 0.00151157

Phase 44 time 44000001
Class 0:
Minimum packet latency = 8
Average packet latency = 12.3801
Maximum packet latency = 66
Minimum network latency = 8
Average network latency = 12.3801
Maximum network latency = 66
Slowest packet = 3778
Minimum flit latency = 8
Average flit latency = 10.3206
Maximum flit latency = 65
Slowest flit = 11280
Minimum fragmentation = 0
Average fragmentation = 0.0164987
Maximum fragmentation = 9
Minimum injected packet rate = 0.000154773 (at node 3)
Average injected packet rate = 0.000239
Maximum injected packet rate = 0.000478 (at node 0)
Minimum accepted packet rate = 0.000154773 (at node 3)
Average accepted packet rate = 0.000239
Maximum accepted packet rate = 0.000478 (at node 0)
Minimum injected flit rate = 0.000475955 (at node 3)
Average injected flit rate = 0.000717
Maximum injected flit rate = 0.00139918 (at node 0)
Minimum accepted flit rate = 0.000452682 (at node 3)
Average accepted flit rate = 0.000717
Maximum accepted flit rate = 0.00146882 (at node 0)
Average injected packet length = 3
Average accepted packet length = 3
Total in-flight flits = 0 (0 measured)
latency change    = 0.00273507
throughput change = 0.000681133

Phase 45 time 45000001
Class 0:
Minimum packet latency = 8
Average packet latency = 12.3475
Maximum packet latency = 66
Minimum network latency = 8
Average network latency = 12.3475
Maximum network latency = 66
Slowest packet = 3778
Minimum flit latency = 8
Average flit latency = 10.2893
Maximum flit latency = 65
Slowest flit = 11280
Minimum fragmentation = 0
Average fragmentation = 0.016117
Maximum fragmentation = 9
Minimum injected packet rate = 0.000154889 (at node 3)
Average injected packet rate = 0.000239222
Maximum injected packet rate = 0.000478444 (at node 0)
Minimum accepted packet rate = 0.000154889 (at node 3)
Average accepted packet rate = 0.000239222
Maximum accepted packet rate = 0.000478444 (at node 0)
Minimum injected flit rate = 0.000476044 (at node 3)
Average injected flit rate = 0.000717667
Maximum injected flit rate = 0.00140129 (at node 0)
Minimum accepted flit rate = 0.000453289 (at node 3)
Average accepted flit rate = 0.000717667
Maximum accepted flit rate = 0.00146938 (at node 0)
Average injected packet length = 3
Average accepted packet length = 3
Total in-flight flits = 0 (0 measured)
latency change    = 0.00263793
throughput change = 0.000928937

Phase 46 time 46000001
Class 0:
Minimum packet latency = 8
Average packet latency = 12.2488
Maximum packet latency = 66
Minimum network latency = 8
Average network latency = 12.2488
Maximum network latency = 66
Slowest packet = 3778
Minimum flit latency = 8
Average flit latency = 10.1947
Maximum flit latency = 65
Slowest flit = 11280
Minimum fragmentation = 0
Average fragmentation = 0.0149453
Maximum fragmentation = 9
Minimum injected packet rate = 0.000163609 (at node 3)
Average injected packet rate = 0.00025237
Maximum injected packet rate = 0.000504739 (at node 0)
Minimum accepted packet rate = 0.000163609 (at node 3)
Average accepted packet rate = 0.00025237
Maximum accepted packet rate = 0.000504739 (at node 0)
Minimum injected flit rate = 0.000501957 (at node 3)
Average injected flit rate = 0.000757109
Maximum injected flit rate = 0.00148091 (at node 0)
Minimum accepted flit rate = 0.000479696 (at node 3)
Average accepted flit rate = 0.000757109
Maximum accepted flit rate = 0.00154752 (at node 0)
Average injected packet length = 3
Average accepted packet length = 3
Total in-flight flits = 0 (0 measured)
latency change    = 0.00805953
throughput change = 0.0520956

Phase 47 time 47000001
Class 0:
Minimum packet latency = 8
Average packet latency = 11.8229
Maximum packet latency = 66
Minimum network latency = 8
Average network latency = 11.8229
Maximum network latency = 66
Slowest packet = 3778
Minimum flit latency = 8
Average flit latency = 9.78731
Maximum flit latency = 65
Slowest flit = 11280
Minimum fragmentation = 0
Average fragmentation = 0.00985012
Maximum fragmentation = 9
Minimum injected packet rate = 0.000245277 (at node 3)
Average injected packet rate = 0.000374771
Maximum injected packet rate = 0.000749553 (at node 0)
Minimum accepted packet rate = 0.000245277 (at node 3)
Average accepted packet rate = 0.000374766
Maximum accepted packet rate = 0.000749532 (at node 0)
Minimum injected flit rate = 0.000746723 (at node 3)
Average injected flit rate = 0.00112432
Maximum injected flit rate = 0.00221609 (at node 0)
Minimum accepted flit rate = 0.000724936 (at node 3)
Average accepted flit rate = 0.0011243
Maximum accepted flit rate = 0.00228119 (at node 0)
Average injected packet length = 3.00001
Average accepted packet length = 3
Total in-flight flits = 5 (5 measured)
latency change    = 0.0360188
throughput change = 0.326594

Phase 48 time 48000001
Class 0:
Minimum packet latency = 8
Average packet latency = 11.5837
Maximum packet latency = 66
Minimum network latency = 8
Average network latency = 11.5837
Maximum network latency = 66
Slowest packet = 3778
Minimum flit latency = 8
Average flit latency = 9.5579
Maximum flit latency = 65
Slowest flit = 11280
Minimum fragmentation = 0
Average fragmentation = 0.00698759
Maximum fragmentation = 9
Minimum injected packet rate = 0.000340833 (at node 3)
Average injected packet rate = 0.000518031
Maximum injected packet rate = 0.00103606 (at node 0)
Minimum accepted packet rate = 0.000340833 (at node 3)
Average accepted packet rate = 0.000518031
Maximum accepted packet rate = 0.00103606 (at node 0)
Minimum injected flit rate = 0.00103317 (at node 3)
Average injected flit rate = 0.00155409
Maximum injected flit rate = 0.00307623 (at node 0)
Minimum accepted flit rate = 0.00101183 (at node 3)
Average accepted flit rate = 0.00155409
Maximum accepted flit rate = 0.00314015 (at node 0)
Average injected packet length = 3
Average accepted packet length = 3
Total in-flight flits = 0 (0 measured)
latency change    = 0.0206545
throughput change = 0.276557

Phase 49 time 49000001
Class 0:
Minimum packet latency = 8
Average packet latency = 11.5782
Maximum packet latency = 66
Minimum network latency = 8
Average network latency = 11.5782
Maximum network latency = 66
Slowest packet = 3778
Minimum flit latency = 8
Average flit latency = 9.55278
Maximum flit latency = 65
Slowest flit = 11280
Minimum fragmentation = 0
Average fragmentation = 0.00689123
Maximum fragmentation = 9
Minimum injected packet rate = 0.000340245 (at node 3)
Average injected packet rate = 0.000515296
Maximum injected packet rate = 0.00103059 (at node 0)
Minimum accepted packet rate = 0.000340245 (at node 3)
Average accepted packet rate = 0.000515296
Maximum accepted packet rate = 0.00103059 (at node 0)
Minimum injected flit rate = 0.00103118 (at node 3)
Average injected flit rate = 0.00154589
Maximum injected flit rate = 0.00306047 (at node 0)
Minimum accepted flit rate = 0.00101029 (at node 3)
Average accepted flit rate = 0.00154589
Maximum accepted flit rate = 0.00312308 (at node 0)
Average injected packet length = 3
Average accepted packet length = 3
Total in-flight flits = 0 (0 measured)
latency change    = 0.000475056
throughput change = 0.00530827

Phase 50 time 50000001
Class 0:
Minimum packet latency = 8
Average packet latency = 11.5703
Maximum packet latency = 66
Minimum network latency = 8
Average network latency = 11.5703
Maximum network latency = 66
Slowest packet = 3778
Minimum flit latency = 8
Average flit latency = 9.54536
Maximum flit latency = 65
Slowest flit = 11280
Minimum fragmentation = 0
Average fragmentation = 0.00678138
Maximum fragmentation = 9
Minimum injected packet rate = 0.00033922 (at node 1)
Average injected packet rate = 0.00051317
Maximum injected packet rate = 0.00102634 (at node 0)
Minimum accepted packet rate = 0.00033922 (at node 1)
Average accepted packet rate = 0.00051317
Maximum accepted packet rate = 0.00102634 (at node 0)
Minimum injected flit rate = 0.00102786 (at node 1)
Average injected flit rate = 0.00153951
Maximum injected flit rate = 0.00304834 (at node 0)
Minimum accepted flit rate = 0.00100746 (at node 1)
Average accepted flit rate = 0.00153951
Maximum accepted flit rate = 0.0031097 (at node 0)
Average injected packet length = 3
Average accepted packet length = 3
Total in-flight flits = 0 (0 measured)
latency change    = 0.000676108
throughput change = 0.00414272

Phase 51 time 51000001
Class 0:
Minimum packet latency = 8
Average packet latency = 11.5659
Maximum packet latency = 66
Minimum network latency = 8
Average network latency = 11.5659
Maximum network latency = 66
Slowest packet = 3778
Minimum flit latency = 8
Average flit latency = 9.54125
Maximum flit latency = 65
Slowest flit = 11280
Minimum fragmentation = 0
Average fragmentation = 0.00669845
Maximum fragmentation = 9
Minimum injected packet rate = 0.000335235 (at node 1)
Average injected packet rate = 0.000510069
Maximum injected packet rate = 0.00102014 (at node 0)
Minimum accepted packet rate = 0.000335235 (at node 1)
Average accepted packet rate = 0.000510069
Maximum accepted packet rate = 0.00102014 (at node 0)
Minimum injected flit rate = 0.00101571 (at node 1)
Average injected flit rate = 0.00153021
Maximum injected flit rate = 0.00303033 (at node 0)
Minimum accepted flit rate = 0.000995706 (at node 1)
Average accepted flit rate = 0.00153021
Maximum accepted flit rate = 0.00309049 (at node 0)
Average injected packet length = 3
Average accepted packet length = 3
Total in-flight flits = 0 (0 measured)
latency change    = 0.000383798
throughput change = 0.0060803

Phase 52 time 52000001
Class 0:
Minimum packet latency = 8
Average packet latency = 11.4998
Maximum packet latency = 66
Minimum network latency = 8
Average network latency = 11.4998
Maximum network latency = 66
Slowest packet = 3778
Minimum flit latency = 8
Average flit latency = 9.47815
Maximum flit latency = 65
Slowest flit = 11280
Minimum fragmentation = 0
Average fragmentation = 0.00590255
Maximum fragmentation = 9
Minimum injected packet rate = 0.000373288 (at node 1)
Average injected packet rate = 0.000568529
Maximum injected packet rate = 0.00113706 (at node 0)
Minimum accepted packet rate = 0.000373288 (at node 1)
Average accepted packet rate = 0.000568529
Maximum accepted packet rate = 0.00113706 (at node 0)
Minimum injected flit rate = 0.00112967 (at node 1)
Average injected flit rate = 0.00170559
Maximum injected flit rate = 0.00338167 (at node 0)
Minimum accepted flit rate = 0.00111006 (at node 1)
Average accepted flit rate = 0.00170559
Maximum accepted flit rate = 0.00344067 (at node 0)
Average injected packet length = 3
Average accepted packet length = 3
Total in-flight flits = 0 (0 measured)
latency change    = 0.00574519
throughput change = 0.102827

Phase 53 time 53000001
Class 0:
Minimum packet latency = 8
Average packet latency = 11.3741
Maximum packet latency = 66
Minimum network latency = 8
Average network latency = 11.3741
Maximum network latency = 66
Slowest packet = 3778
Minimum flit latency = 8
Average flit latency = 9.35791
Maximum flit latency = 65
Slowest flit = 11280
Minimum fragmentation = 0
Average fragmentation = 0.00453566
Maximum fragmentation = 9
Minimum injected packet rate = 0.000491094 (at node 1)
Average injected packet rate = 0.000744623
Maximum injected packet rate = 0.00148925 (at node 0)
Minimum accepted packet rate = 0.000491094 (at node 1)
Average accepted packet rate = 0.000744623
Maximum accepted packet rate = 0.00148925 (at node 0)
Minimum injected flit rate = 0.00148294 (at node 1)
Average injected flit rate = 0.00223387
Maximum injected flit rate = 0.00443875 (at node 0)
Minimum accepted flit rate = 0.00146362 (at node 1)
Average accepted flit rate = 0.00223387
Maximum accepted flit rate = 0.00449672 (at node 0)
Average injected packet length = 3
Average accepted packet length = 3
Total in-flight flits = 0 (0 measured)
latency change    = 0.0110574
throughput change = 0.236487

Phase 54 time 54000001
Class 0:
Minimum packet latency = 8
Average packet latency = 11.2971
Maximum packet latency = 66
Minimum network latency = 8
Average network latency = 11.2971
Maximum network latency = 66
Slowest packet = 3778
Minimum flit latency = 8
Average flit latency = 9.28121
Maximum flit latency = 65
Slowest flit = 11280
Minimum fragmentation = 0
Average fragmentation = 0.00404907
Maximum fragmentation = 9
Minimum injected packet rate = 0.000608778 (at node 1)
Average injected packet rate = 0.000928431
Maximum injected packet rate = 0.00185687 (at node 0)
Minimum accepted packet rate = 0.000608778 (at node 1)
Average accepted packet rate = 0.000928426
Maximum accepted packet rate = 0.00185685 (at node 0)
Minimum injected flit rate = 0.00183581 (at node 1)
Average injected flit rate = 0.0027853
Maximum injected flit rate = 0.0055422 (at node 0)
Minimum accepted flit rate = 0.00181685 (at node 1)
Average accepted flit rate = 0.00278528
Maximum accepted flit rate = 0.005599 (at node 0)
Average injected packet length = 3.00001
Average accepted packet length = 3
Total in-flight flits = 5 (5 measured)
latency change    = 0.00681184
throughput change = 0.197973

Phase 55 time 55000001
Class 0:
Minimum packet latency = 8
Average packet latency = 11.2507
Maximum packet latency = 66
Minimum network latency = 8
Average network latency = 11.2507
Maximum network latency = 66
Slowest packet = 3778
Minimum flit latency = 8
Average flit latency = 9.23289
Maximum flit latency = 65
Slowest flit = 11280
Minimum fragmentation = 0
Average fragmentation = 0.00349938
Maximum fragmentation = 9
Minimum injected packet rate = 0.000719418 (at node 1)
Average injected packet rate = 0.0010989
Maximum injected packet rate = 0.0021978 (at node 0)
Minimum accepted packet rate = 0.000719418 (at node 1)
Average accepted packet rate = 0.0010989
Maximum accepted packet rate = 0.00219778 (at node 0)
Minimum injected flit rate = 0.00216756 (at node 1)
Average injected flit rate = 0.0032967
Maximum injected flit rate = 0.00656551 (at node 0)
Minimum accepted flit rate = 0.00214895 (at node 1)
Average accepted flit rate = 0.0032967
Maximum accepted flit rate = 0.00662127 (at node 0)
Average injected packet length = 3
Average accepted packet length = 3.00001
Total in-flight flits = 1 (1 measured)
latency change    = 0.00412336
throughput change = 0.15513

Phase 56 time 56000001
Class 0:
Minimum packet latency = 8
Average packet latency = 11.2111
Maximum packet latency = 66
Minimum network latency = 8
Average network latency = 11.2111
Maximum network latency = 66
Slowest packet = 3778
Minimum flit latency = 8
Average flit latency = 9.19387
Maximum flit latency = 65
Slowest flit = 11280
Minimum fragmentation = 0
Average fragmentation = 0.00299385
Maximum fragmentation = 9
Minimum injected packet rate = 0.000840036 (at node 1)
Average injected packet rate = 0.00128836
Maximum injected packet rate = 0.00257671 (at node 0)
Minimum accepted packet rate = 0.000840036 (at node 1)
Average accepted packet rate = 0.00128836
Maximum accepted packet rate = 0.00257671 (at node 0)
Minimum injected flit rate = 0.00252925 (at node 1)
Average injected flit rate = 0.00386507
Maximum injected flit rate = 0.00770271 (at node 0)
Minimum accepted flit rate = 0.00251096 (at node 1)
Average accepted flit rate = 0.00386507
Maximum accepted flit rate = 0.00775757 (at node 0)
Average injected packet length = 3
Average accepted packet length = 3
Total in-flight flits = 0 (0 measured)
latency change    = 0.00353579
throughput change = 0.147054

Phase 57 time 57000001
Class 0:
Minimum packet latency = 8
Average packet latency = 11.2043
Maximum packet latency = 66
Minimum network latency = 8
Average network latency = 11.2043
Maximum network latency = 66
Slowest packet = 3778
Minimum flit latency = 8
Average flit latency = 9.18758
Maximum flit latency = 65
Slowest flit = 11280
Minimum fragmentation = 0
Average fragmentation = 0.0029289
Maximum fragmentation = 9
Minimum injected packet rate = 0.000851 (at node 1)
Average injected packet rate = 0.0013058
Maximum injected packet rate = 0.00261161 (at node 0)
Minimum accepted packet rate = 0.000851018 (at node 1)
Average accepted packet rate = 0.0013058
Maximum accepted packet rate = 0.0026116 (at node 0)
Minimum injected flit rate = 0.00256195 (at node 1)
Average injected flit rate = 0.0039174
Maximum injected flit rate = 0.00780789 (at node 0)
Minimum accepted flit rate = 0.00254407 (at node 1)
Average accepted flit rate = 0.0039174
Maximum accepted flit rate = 0.0078617 (at node 0)
Average injected packet length = 2.99999
Average accepted packet length = 2.99999
Total in-flight flits = 0 (0 measured)
latency change    = 0.000607186
throughput change = 0.0133578

Phase 58 time 58000001
Class 0:
Minimum packet latency = 8
Average packet latency = 11.1965
Maximum packet latency = 66
Minimum network latency = 8
Average network latency = 11.1965
Maximum network latency = 66
Slowest packet = 3778
Minimum flit latency = 8
Average flit latency = 9.18022
Maximum flit latency = 65
Slowest flit = 11280
Minimum fragmentation = 0
Average fragmentation = 0.00294717
Maximum fragmentation = 9
Minimum injected packet rate = 0.000863724 (at node 1)
Average injected packet rate = 0.00132798
Maximum injected packet rate = 0.00265597 (at node 0)
Minimum accepted packet rate = 0.000863724 (at node 1)
Average accepted packet rate = 0.00132798
Maximum accepted packet rate = 0.00265597 (at node 0)
Minimum injected flit rate = 0.0026 (at node 1)
Average injected flit rate = 0.00398395
Maximum injected flit rate = 0.00794141 (at node 0)
Minimum accepted flit rate = 0.00258234 (at node 1)
Average accepted flit rate = 0.00398395
Maximum accepted flit rate = 0.00799438 (at node 0)
Average injected packet length = 3
Average accepted packet length = 3
Total in-flight flits = 0 (0 measured)
latency change    = 0.000698998
throughput change = 0.0167043

Phase 59 time 59000001
Class 0:
Minimum packet latency = 8
Average packet latency = 11.191
Maximum packet latency = 66
Minimum network latency = 8
Average network latency = 11.191
Maximum network latency = 66
Slowest packet = 3778
Minimum flit latency = 8
Average flit latency = 9.17514
Maximum flit latency = 65
Slowest flit = 11280
Minimum fragmentation = 0
Average fragmentation = 0.00289406
Maximum fragmentation = 9
Minimum injected packet rate = 0.00087183 (at node 1)
Average injected packet rate = 0.00133968
Maximum injected packet rate = 0.00267937 (at node 0)
Minimum accepted packet rate = 0.00087183 (at node 1)
Average accepted packet rate = 0.00133968
Maximum accepted packet rate = 0.00267936 (at node 0)
Minimum injected flit rate = 0.00262417 (at node 1)
Average injected flit rate = 0.00401906
Maximum injected flit rate = 0.00801212 (at node 0)
Minimum accepted flit rate = 0.00260681 (at node 1)
Average accepted flit rate = 0.00401906
Maximum accepted flit rate = 0.0080641 (at node 0)
Average injected packet length = 3.00001
Average accepted packet length = 3.00001
Total in-flight flits = 0 (0 measured)
latency change    = 0.00048895
throughput change = 0.00873509

Phase 60 time 60000001
Class 0:
Minimum packet latency = 8
Average packet latency = 11.1802
Maximum packet latency = 66
Minimum network latency = 8
Average network latency = 11.1802
Maximum network latency = 66
Slowest packet = 3778
Minimum flit latency = 8
Average flit latency = 9.16478
Maximum flit latency = 65
Slowest flit = 11280
Minimum fragmentation = 0
Average fragmentation = 0.00280469
Maximum fragmentation = 9
Minimum injected packet rate = 0.000890933 (at node 1)
Average injected packet rate = 0.0013727
Maximum injected packet rate = 0.0027454 (at node 0)
Minimum accepted packet rate = 0.000890933 (at node 1)
Average accepted packet rate = 0.0013727
Maximum accepted packet rate = 0.0027454 (at node 0)
Minimum injected flit rate = 0.00268133 (at node 1)
Average injected flit rate = 0.0041181
Maximum injected flit rate = 0.0082106 (at node 0)
Minimum accepted flit rate = 0.00266427 (at node 1)
Average accepted flit rate = 0.0041181
Maximum accepted flit rate = 0.0082618 (at node 0)
Average injected packet length = 3
Average accepted packet length = 3
Total in-flight flits = 0 (0 measured)
latency change    = 0.000962414
throughput change = 0.0240511

Phase 61 time 61000001
Class 0:
Minimum packet latency = 8
Average packet latency = 11.176
Maximum packet latency = 66
Minimum network latency = 8
Average network latency = 11.176
Maximum network latency = 66
Slowest packet = 3778
Minimum flit latency = 8
Average flit latency = 9.16089
Maximum flit latency = 65
Slowest flit = 11280
Minimum fragmentation = 0
Average fragmentation = 0.00275973
Maximum fragmentation = 9
Minimum injected packet rate = 0.00089777 (at node 1)
Average injected packet rate = 0.00138259
Maximum injected packet rate = 0.00276518 (at node 0)
Minimum accepted packet rate = 0.00089777 (at node 1)
Average accepted packet rate = 0.00138259
Maximum accepted packet rate = 0.00276518 (at node 0)
Minimum injected flit rate = 0.0027017 (at node 1)
Average injected flit rate = 0.00414777
Maximum injected flit rate = 0.00827036 (at node 0)
Minimum accepted flit rate = 0.00268492 (at node 1)
Average accepted flit rate = 0.00414777
Maximum accepted flit rate = 0.00832072 (at node 0)
Average injected packet length = 3
Average accepted packet length = 3
Total in-flight flits = 0 (0 measured)
latency change    = 0.000378358
throughput change = 0.00715336

Phase 62 time 62000001
Class 0:
Minimum packet latency = 8
Average packet latency = 11.1713
Maximum packet latency = 66
Minimum network latency = 8
Average network latency = 11.1713
Maximum network latency = 66
Slowest packet = 3778
Minimum flit latency = 8
Average flit latency = 9.15654
Maximum flit latency = 65
Slowest flit = 11280
Minimum fragmentation = 0
Average fragmentation = 0.00271928
Maximum fragmentation = 9
Minimum injected packet rate = 0.000905806 (at node 1)
Average injected packet rate = 0.00139535
Maximum injected packet rate = 0.00279071 (at node 0)
Minimum accepted packet rate = 0.000905806 (at node 1)
Average accepted packet rate = 0.00139535
Maximum accepted packet rate = 0.00279071 (at node 0)
Minimum injected flit rate = 0.00272568 (at node 1)
Average injected flit rate = 0.00418606
Maximum injected flit rate = 0.00834735 (at node 0)
Minimum accepted flit rate = 0.00270916 (at node 1)
Average accepted flit rate = 0.00418606
Maximum accepted flit rate = 0.0083969 (at node 0)
Average injected packet length = 3
Average accepted packet length = 3
Total in-flight flits = 0 (0 measured)
latency change    = 0.000420992
throughput change = 0.00914798

Phase 63 time 63000001
Class 0:
Minimum packet latency = 8
Average packet latency = 11.1627
Maximum packet latency = 66
Minimum network latency = 8
Average network latency = 11.1627
Maximum network latency = 66
Slowest packet = 3778
Minimum flit latency = 8
Average flit latency = 9.14845
Maximum flit latency = 65
Slowest flit = 11280
Minimum fragmentation = 0
Average fragmentation = 0.0026382
Maximum fragmentation = 9
Minimum injected packet rate = 0.000927048 (at node 1)
Average injected packet rate = 0.00143195
Maximum injected packet rate = 0.0028639 (at node 0)
Minimum accepted packet rate = 0.000927048 (at node 1)
Average accepted packet rate = 0.00143195
Maximum accepted packet rate = 0.0028639 (at node 0)
Minimum injected flit rate = 0.00278927 (at node 1)
Average injected flit rate = 0.00429586
Maximum injected flit rate = 0.00856733 (at node 0)
Minimum accepted flit rate = 0.00277302 (at node 1)
Average accepted flit rate = 0.00429586
Maximum accepted flit rate = 0.0086161 (at node 0)
Average injected packet length = 3
Average accepted packet length = 3
Total in-flight flits = 0 (0 measured)
latency change    = 0.000769805
throughput change = 0.0255578

Phase 64 time 64000001
Class 0:
Minimum packet latency = 8
Average packet latency = 11.1582
Maximum packet latency = 66
Minimum network latency = 8
Average network latency = 11.1582
Maximum network latency = 66
Slowest packet = 3778
Minimum flit latency = 8
Average flit latency = 9.14433
Maximum flit latency = 65
Slowest flit = 11280
Minimum fragmentation = 0
Average fragmentation = 0.00257743
Maximum fragmentation = 9
Minimum injected packet rate = 0.000936625 (at node 1)
Average injected packet rate = 0.00144736
Maximum injected packet rate = 0.00289472 (at node 0)
Minimum accepted packet rate = 0.000936625 (at node 1)
Average accepted packet rate = 0.00144736
Maximum accepted packet rate = 0.00289472 (at node 0)
Minimum injected flit rate = 0.00281787 (at node 1)
Average injected flit rate = 0.00434208
Maximum injected flit rate = 0.00866016 (at node 0)
Minimum accepted flit rate = 0.00280187 (at node 1)
Average accepted flit rate = 0.00434208
Maximum accepted flit rate = 0.00870816 (at node 0)
Average injected packet length = 3
Average accepted packet length = 3
Total in-flight flits = 0 (0 measured)
latency change    = 0.00040094
throughput change = 0.0106449

Phase 65 time 65000001
Class 0:
Minimum packet latency = 8
Average packet latency = 11.1543
Maximum packet latency = 66
Minimum network latency = 8
Average network latency = 11.1543
Maximum network latency = 66
Slowest packet = 3778
Minimum flit latency = 8
Average flit latency = 9.14077
Maximum flit latency = 65
Slowest flit = 11280
Minimum fragmentation = 0
Average fragmentation = 0.00253865
Maximum fragmentation = 9
Minimum injected packet rate = 0.000944769 (at node 1)
Average injected packet rate = 0.00146201
Maximum injected packet rate = 0.00292403 (at node 0)
Minimum accepted packet rate = 0.000944769 (at node 1)
Average accepted packet rate = 0.00146201
Maximum accepted packet rate = 0.00292402 (at node 0)
Minimum injected flit rate = 0.00284218 (at node 1)
Average injected flit rate = 0.00438603
Maximum injected flit rate = 0.00874846 (at node 0)
Minimum accepted flit rate = 0.00282643 (at node 1)
Average accepted flit rate = 0.00438603
Maximum accepted flit rate = 0.00879565 (at node 0)
Average injected packet length = 2.99999
Average accepted packet length = 2.99999
Total in-flight flits = 0 (0 measured)
latency change    = 0.000349249
throughput change = 0.0100202

Phase 66 time 66000001
Class 0:
Minimum packet latency = 8
Average packet latency = 11.1458
Maximum packet latency = 66
Minimum network latency = 8
Average network latency = 11.1458
Maximum network latency = 66
Slowest packet = 3778
Minimum flit latency = 8
Average flit latency = 9.13254
Maximum flit latency = 65
Slowest flit = 11280
Minimum fragmentation = 0
Average fragmentation = 0.00252548
Maximum fragmentation = 9
Minimum injected packet rate = 0.000961758 (at node 1)
Average injected packet rate = 0.00149086
Maximum injected packet rate = 0.00298173 (at node 0)
Minimum accepted packet rate = 0.000961758 (at node 1)
Average accepted packet rate = 0.00149086
Maximum accepted packet rate = 0.00298173 (at node 0)
Minimum injected flit rate = 0.00289303 (at node 1)
Average injected flit rate = 0.00447259
Maximum injected flit rate = 0.00892191 (at node 0)
Minimum accepted flit rate = 0.00287752 (at node 1)
Average accepted flit rate = 0.00447259
Maximum accepted flit rate = 0.00896845 (at node 0)
Average injected packet length = 3
Average accepted packet length = 3
Total in-flight flits = 0 (0 measured)
latency change    = 0.000767767
throughput change = 0.0193543

Phase 67 time 67000001
Class 0:
Minimum packet latency = 8
Average packet latency = 11.1428
Maximum packet latency = 66
Minimum network latency = 8
Average network latency = 11.1428
Maximum network latency = 66
Slowest packet = 3778
Minimum flit latency = 8
Average flit latency = 9.12989
Maximum flit latency = 65
Slowest flit = 11280
Minimum fragmentation = 0
Average fragmentation = 0.00249973
Maximum fragmentation = 9
Minimum injected packet rate = 0.000966836 (at node 1)
Average injected packet rate = 0.00149867
Maximum injected packet rate = 0.00299734 (at node 0)
Minimum accepted packet rate = 0.000966836 (at node 1)
Average accepted packet rate = 0.00149867
Maximum accepted packet rate = 0.00299734 (at node 0)
Minimum injected flit rate = 0.00290815 (at node 1)
Average injected flit rate = 0.00449601
Maximum injected flit rate = 0.0089691 (at node 0)
Minimum accepted flit rate = 0.00289287 (at node 1)
Average accepted flit rate = 0.00449601
Maximum accepted flit rate = 0.00901496 (at node 0)
Average injected packet length = 3
Average accepted packet length = 3
Total in-flight flits = 0 (0 measured)
latency change    = 0.000262846
throughput change = 0.00520995

Phase 68 time 68000001
Class 0:
Minimum packet latency = 8
Average packet latency = 11.1376
Maximum packet latency = 66
Minimum network latency = 8
Average network latency = 11.1376
Maximum network latency = 66
Slowest packet = 3778
Minimum flit latency = 8
Average flit latency = 9.12498
Maximum flit latency = 65
Slowest flit = 11280
Minimum fragmentation = 0
Average fragmentation = 0.00244875
Maximum fragmentation = 9
Minimum injected packet rate = 0.000977882 (at node 1)
Average injected packet rate = 0.00151788
Maximum injected packet rate = 0.00303576 (at node 0)
Minimum accepted packet rate = 0.000977882 (at node 1)
Average accepted packet rate = 0.00151788
Maximum accepted packet rate = 0.00303576 (at node 0)
Minimum injected flit rate = 0.00294118 (at node 1)
Average injected flit rate = 0.00455365
Maximum injected flit rate = 0.00908471 (at node 0)
Minimum accepted flit rate = 0.00292612 (at node 1)
Average accepted flit rate = 0.00455365
Maximum accepted flit rate = 0.00912988 (at node 0)
Average injected packet length = 3
Average accepted packet length = 3
Total in-flight flits = 0 (0 measured)
latency change    = 0.000467719
throughput change = 0.0126563

Phase 69 time 69000001
Class 0:
Minimum packet latency = 8
Average packet latency = 11.1344
Maximum packet latency = 66
Minimum network latency = 8
Average network latency = 11.1344
Maximum network latency = 66
Slowest packet = 3778
Minimum flit latency = 8
Average flit latency = 9.12202
Maximum flit latency = 65
Slowest flit = 11280
Minimum fragmentation = 0
Average fragmentation = 0.00242528
Maximum fragmentation = 9
Minimum injected packet rate = 0.000984333 (at node 1)
Average injected packet rate = 0.00152829
Maximum injected packet rate = 0.00305658 (at node 0)
Minimum accepted packet rate = 0.000984348 (at node 1)
Average accepted packet rate = 0.00152829
Maximum accepted packet rate = 0.00305657 (at node 0)
Minimum injected flit rate = 0.00296039 (at node 1)
Average injected flit rate = 0.00458485
Maximum injected flit rate = 0.00914748 (at node 0)
Minimum accepted flit rate = 0.00294562 (at node 1)
Average accepted flit rate = 0.00458485
Maximum accepted flit rate = 0.00919193 (at node 0)
Average injected packet length = 3
Average accepted packet length = 3
Total in-flight flits = 0 (0 measured)
latency change    = 0.000288056
throughput change = 0.00680598

Phase 70 time 70000001
Class 0:
Minimum packet latency = 8
Average packet latency = 11.1308
Maximum packet latency = 66
Minimum network latency = 8
Average network latency = 11.1308
Maximum network latency = 66
Slowest packet = 3778
Minimum flit latency = 8
Average flit latency = 9.11863
Maximum flit latency = 65
Slowest flit = 11280
Minimum fragmentation = 0
Average fragmentation = 0.00238069
Maximum fragmentation = 9
Minimum injected packet rate = 0.000993429 (at node 1)
Average injected packet rate = 0.00154367
Maximum injected packet rate = 0.00308734 (at node 0)
Minimum accepted packet rate = 0.000993429 (at node 1)
Average accepted packet rate = 0.00154367
Maximum accepted packet rate = 0.00308734 (at node 0)
Minimum injected flit rate = 0.0029876 (at node 1)
Average injected flit rate = 0.00463101
Maximum injected flit rate = 0.00924009 (at node 0)
Minimum accepted flit rate = 0.00297297 (at node 1)
Average accepted flit rate = 0.00463101
Maximum accepted flit rate = 0.00928397 (at node 0)
Average injected packet length = 3
Average accepted packet length = 3
Total in-flight flits = 0 (0 measured)
latency change    = 0.000321526
throughput change = 0.00996819

Phase 71 time 71000001
Class 0:
Minimum packet latency = 8
Average packet latency = 11.128
Maximum packet latency = 66
Minimum network latency = 8
Average network latency = 11.128
Maximum network latency = 66
Slowest packet = 3778
Minimum flit latency = 8
Average flit latency = 9.11605
Maximum flit latency = 65
Slowest flit = 11280
Minimum fragmentation = 0
Average fragmentation = 0.00236635
Maximum fragmentation = 9
Minimum injected packet rate = 0.000998704 (at node 1)
Average injected packet rate = 0.00155198
Maximum injected packet rate = 0.00310397 (at node 0)
Minimum accepted packet rate = 0.000998704 (at node 1)
Average accepted packet rate = 0.00155198
Maximum accepted packet rate = 0.00310396 (at node 0)
Minimum injected flit rate = 0.00300332 (at node 1)
Average injected flit rate = 0.00465594
Maximum injected flit rate = 0.00929028 (at node 0)
Minimum accepted flit rate = 0.0029889 (at node 1)
Average accepted flit rate = 0.00465594
Maximum accepted flit rate = 0.00933348 (at node 0)
Average injected packet length = 3
Average accepted packet length = 3
Total in-flight flits = 0 (0 measured)
latency change    = 0.000254812
throughput change = 0.00535356

Phase 72 time 72000001
Class 0:
Minimum packet latency = 8
Average packet latency = 11.1255
Maximum packet latency = 66
Minimum network latency = 8
Average network latency = 11.1255
Maximum network latency = 66
Slowest packet = 3778
Minimum flit latency = 8
Average flit latency = 9.11372
Maximum flit latency = 65
Slowest flit = 11280
Minimum fragmentation = 0
Average fragmentation = 0.0023385
Maximum fragmentation = 9
Minimum injected packet rate = 0.00100639 (at node 1)
Average injected packet rate = 0.00156499
Maximum injected packet rate = 0.00312997 (at node 0)
Minimum accepted packet rate = 0.00100639 (at node 1)
Average accepted packet rate = 0.00156499
Maximum accepted packet rate = 0.00312997 (at node 0)
Minimum injected flit rate = 0.00302628 (at node 1)
Average injected flit rate = 0.00469496
Maximum injected flit rate = 0.00936858 (at node 0)
Minimum accepted flit rate = 0.00301206 (at node 1)
Average accepted flit rate = 0.00469496
Maximum accepted flit rate = 0.00941125 (at node 0)
Average injected packet length = 3
Average accepted packet length = 3
Total in-flight flits = 0 (0 measured)
latency change    = 0.000228566
throughput change = 0.00831066

Phase 73 time 73000001
Class 0:
Minimum packet latency = 8
Average packet latency = 11.121
Maximum packet latency = 66
Minimum network latency = 8
Average network latency = 11.121
Maximum network latency = 66
Slowest packet = 3778
Minimum flit latency = 8
Average flit latency = 9.10949
Maximum flit latency = 65
Slowest flit = 11280
Minimum fragmentation = 0
Average fragmentation = 0.00230805
Maximum fragmentation = 9
Minimum injected packet rate = 0.00101504 (at node 1)
Average injected packet rate = 0.00158321
Maximum injected packet rate = 0.00316641 (at node 0)
Minimum accepted packet rate = 0.00101504 (at node 1)
Average accepted packet rate = 0.00158321
Maximum accepted packet rate = 0.00316641 (at node 0)
Minimum injected flit rate = 0.00305214 (at node 1)
Average injected flit rate = 0.00474962
Maximum injected flit rate = 0.00947819 (at node 0)
Minimum accepted flit rate = 0.00303811 (at node 1)
Average accepted flit rate = 0.00474962
Maximum accepted flit rate = 0.00952027 (at node 0)
Average injected packet length = 3
Average accepted packet length = 3
Total in-flight flits = 0 (0 measured)
latency change    = 0.00040632
throughput change = 0.0115079

Phase 74 time 74000001
Class 0:
Minimum packet latency = 8
Average packet latency = 11.1189
Maximum packet latency = 66
Minimum network latency = 8
Average network latency = 11.1189
Maximum network latency = 66
Slowest packet = 3778
Minimum flit latency = 8
Average flit latency = 9.10759
Maximum flit latency = 65
Slowest flit = 11280
Minimum fragmentation = 0
Average fragmentation = 0.0022911
Maximum fragmentation = 9
Minimum injected packet rate = 0.00101959 (at node 1)
Average injected packet rate = 0.00158958
Maximum injected packet rate = 0.00317916 (at node 0)
Minimum accepted packet rate = 0.00101959 (at node 1)
Average accepted packet rate = 0.00158958
Maximum accepted packet rate = 0.00317916 (at node 0)
Minimum injected flit rate = 0.0030657 (at node 1)
Average injected flit rate = 0.00476874
Maximum injected flit rate = 0.00951673 (at node 0)
Minimum accepted flit rate = 0.00305186 (at node 1)
Average accepted flit rate = 0.00476874
Maximum accepted flit rate = 0.00955824 (at node 0)
Average injected packet length = 3
Average accepted packet length = 3
Total in-flight flits = 0 (0 measured)
latency change    = 0.000187941
throughput change = 0.00401087

Phase 75 time 75000001
Class 0:
Minimum packet latency = 8
Average packet latency = 11.1219
Maximum packet latency = 66
Minimum network latency = 8
Average network latency = 11.1219
Maximum network latency = 66
Slowest packet = 3778
Minimum flit latency = 8
Average flit latency = 9.11076
Maximum flit latency = 65
Slowest flit = 11280
Minimum fragmentation = 0
Average fragmentation = 0.00228827
Maximum fragmentation = 9
Minimum injected packet rate = 0.0010184 (at node 1)
Average injected packet rate = 0.00159072
Maximum injected packet rate = 0.00318144 (at node 0)
Minimum accepted packet rate = 0.0010184 (at node 1)
Average accepted packet rate = 0.00159072
Maximum accepted packet rate = 0.00318144 (at node 0)
Minimum injected flit rate = 0.00306203 (at node 1)
Average injected flit rate = 0.00477216
Maximum injected flit rate = 0.00952384 (at node 0)
Minimum accepted flit rate = 0.00304837 (at node 1)
Average accepted flit rate = 0.00477216
Maximum accepted flit rate = 0.0095648 (at node 0)
Average injected packet length = 3
Average accepted packet length = 3
Total in-flight flits = 0 (0 measured)
latency change    = 0.000270675
throughput change = 0.000715977

