Phase 0 time 1
Class 0:
Minimum packet latency = 1.79769e+308
Average packet latency = -nan
Maximum packet latency = 2.22507e-308
Minimum network latency = 1.79769e+308
Average network latency = -nan
Maximum network latency = 2.22507e-308
Slowest packet = -1
Minimum flit latency = 1.79769e+308
Average flit latency = -nan
Maximum flit latency = 2.22507e-308
Slowest flit = -1
Minimum fragmentation = 1.79769e+308
Average fragmentation = -nan
Maximum fragmentation = 2.22507e-308
Minimum injected packet rate = 0 (at node 0)
Average injected packet rate = 0
Maximum injected packet rate = 0 (at node 0)
Minimum accepted packet rate = 0 (at node 0)
Average accepted packet rate = 0
Maximum accepted packet rate = 0 (at node 0)
Minimum injected flit rate = 0 (at node 0)
Average injected flit rate = 0
Maximum injected flit rate = 0 (at node 0)
Minimum accepted flit rate = 0 (at node 0)
Average accepted flit rate = 0
Maximum accepted flit rate = 0 (at node 0)
Average injected packet length = -nan
Average accepted packet length = -nan
Total in-flight flits = 0 (0 measured)
latency change    = nan
throughput change = nan

Phase 1 time 1000001
Class 0:
Minimum packet latency = 8
Average packet latency = 11.0021
Maximum packet latency = 18
Minimum network latency = 8
Average network latency = 11.0021
Maximum network latency = 18
Slowest packet = 9205
Minimum flit latency = 8
Average flit latency = 9.00504
Maximum flit latency = 14
Slowest flit = 27605
Minimum fragmentation = 0
Average fragmentation = 0.00404118
Maximum fragmentation = 5
Minimum injected packet rate = 0.001713 (at node 3)
Average injected packet rate = 0.00259825
Maximum injected packet rate = 0.00519699 (at node 0)
Minimum accepted packet rate = 0.001714 (at node 3)
Average accepted packet rate = 0.00259825
Maximum accepted packet rate = 0.00519599 (at node 0)
Minimum injected flit rate = 0.00562899 (at node 3)
Average injected flit rate = 0.00779424
Maximum injected flit rate = 0.014129 (at node 0)
Minimum accepted flit rate = 0.00465 (at node 3)
Average accepted flit rate = 0.00779424
Maximum accepted flit rate = 0.017048 (at node 0)
Average injected packet length = 2.99981
Average accepted packet length = 2.99981
Total in-flight flits = 0 (0 measured)
latency change    = nan
throughput change = 1

Phase 2 time 2000001
Class 0:
Minimum packet latency = 8
Average packet latency = 11.0299
Maximum packet latency = 19
Minimum network latency = 8
Average network latency = 11.0299
Maximum network latency = 19
Slowest packet = 15588
Minimum flit latency = 8
Average flit latency = 9.03102
Maximum flit latency = 15
Slowest flit = 46751
Minimum fragmentation = 0
Average fragmentation = 0.00919565
Maximum fragmentation = 6
Minimum injected packet rate = 0.001575 (at node 3)
Average injected packet rate = 0.00236525
Maximum injected packet rate = 0.0047305 (at node 0)
Minimum accepted packet rate = 0.001575 (at node 3)
Average accepted packet rate = 0.00236525
Maximum accepted packet rate = 0.0047305 (at node 0)
Minimum injected flit rate = 0.004981 (at node 3)
Average injected flit rate = 0.00709575
Maximum injected flit rate = 0.0134245 (at node 0)
Minimum accepted flit rate = 0.004469 (at node 3)
Average accepted flit rate = 0.00709575
Maximum accepted flit rate = 0.0149585 (at node 0)
Average injected packet length = 3
Average accepted packet length = 3
Total in-flight flits = 0 (0 measured)
latency change    = 0.00251523
throughput change = 0.0984387

Phase 3 time 3000001
Class 0:
Minimum packet latency = 8
Average packet latency = 11.0234
Maximum packet latency = 19
Minimum network latency = 8
Average network latency = 11.0234
Maximum network latency = 19
Slowest packet = 15588
Minimum flit latency = 8
Average flit latency = 9.02452
Maximum flit latency = 15
Slowest flit = 46751
Minimum fragmentation = 0
Average fragmentation = 0.00862151
Maximum fragmentation = 6
Minimum injected packet rate = 0.00116533 (at node 3)
Average injected packet rate = 0.00175917
Maximum injected packet rate = 0.00351833 (at node 0)
Minimum accepted packet rate = 0.00116533 (at node 3)
Average accepted packet rate = 0.00175917
Maximum accepted packet rate = 0.00351833 (at node 0)
Minimum injected flit rate = 0.00366667 (at node 3)
Average injected flit rate = 0.0052775
Maximum injected flit rate = 0.0100437 (at node 0)
Minimum accepted flit rate = 0.00332533 (at node 3)
Average accepted flit rate = 0.0052775
Maximum accepted flit rate = 0.0110663 (at node 0)
Average injected packet length = 3
Average accepted packet length = 3
Total in-flight flits = 0 (0 measured)
latency change    = 0.000581562
throughput change = 0.344528

Phase 4 time 4000001
Class 0:
Minimum packet latency = 8
Average packet latency = 11.0327
Maximum packet latency = 19
Minimum network latency = 8
Average network latency = 11.0327
Maximum network latency = 19
Slowest packet = 15588
Minimum flit latency = 8
Average flit latency = 9.03367
Maximum flit latency = 15
Slowest flit = 46751
Minimum fragmentation = 0
Average fragmentation = 0.00836203
Maximum fragmentation = 6
Minimum injected packet rate = 0.001008 (at node 2)
Average injected packet rate = 0.00152475
Maximum injected packet rate = 0.00304975 (at node 0)
Minimum accepted packet rate = 0.00100825 (at node 2)
Average accepted packet rate = 0.00152475
Maximum accepted packet rate = 0.00304925 (at node 0)
Minimum injected flit rate = 0.003151 (at node 2)
Average injected flit rate = 0.004574
Maximum injected flit rate = 0.00876575 (at node 0)
Minimum accepted flit rate = 0.00289725 (at node 2)
Average accepted flit rate = 0.004574
Maximum accepted flit rate = 0.00953025 (at node 0)
Average injected packet length = 2.99984
Average accepted packet length = 2.99984
Total in-flight flits = 0 (0 measured)
latency change    = 0.000835762
throughput change = 0.153804

Phase 5 time 5000001
Class 0:
Minimum packet latency = 8
Average packet latency = 11.0357
Maximum packet latency = 20
Minimum network latency = 8
Average network latency = 11.0357
Maximum network latency = 20
Slowest packet = 26039
Minimum flit latency = 8
Average flit latency = 9.03616
Maximum flit latency = 16
Slowest flit = 78115
Minimum fragmentation = 0
Average fragmentation = 0.0101574
Maximum fragmentation = 6
Minimum injected packet rate = 0.0011288 (at node 2)
Average injected packet rate = 0.0017032
Maximum injected packet rate = 0.0034064 (at node 0)
Minimum accepted packet rate = 0.0011288 (at node 2)
Average accepted packet rate = 0.0017032
Maximum accepted packet rate = 0.0034064 (at node 0)
Minimum injected flit rate = 0.0034888 (at node 2)
Average injected flit rate = 0.0051096
Maximum injected flit rate = 0.009912 (at node 0)
Minimum accepted flit rate = 0.003284 (at node 2)
Average accepted flit rate = 0.0051096
Maximum accepted flit rate = 0.0105264 (at node 0)
Average injected packet length = 3
Average accepted packet length = 3
Total in-flight flits = 0 (0 measured)
latency change    = 0.000277062
throughput change = 0.104822

Phase 6 time 6000001
Class 0:
Minimum packet latency = 8
Average packet latency = 11.0353
Maximum packet latency = 20
Minimum network latency = 8
Average network latency = 11.0353
Maximum network latency = 20
Slowest packet = 26039
Minimum flit latency = 8
Average flit latency = 9.03583
Maximum flit latency = 16
Slowest flit = 78115
Minimum fragmentation = 0
Average fragmentation = 0.00987497
Maximum fragmentation = 6
Minimum injected packet rate = 0.001002 (at node 1)
Average injected packet rate = 0.00150633
Maximum injected packet rate = 0.00301267 (at node 0)
Minimum accepted packet rate = 0.001002 (at node 1)
Average accepted packet rate = 0.00150633
Maximum accepted packet rate = 0.00301267 (at node 0)
Minimum injected flit rate = 0.00309133 (at node 1)
Average injected flit rate = 0.004519
Maximum injected flit rate = 0.008782 (at node 0)
Minimum accepted flit rate = 0.00292067 (at node 1)
Average accepted flit rate = 0.004519
Maximum accepted flit rate = 0.009294 (at node 0)
Average injected packet length = 3
Average accepted packet length = 3
Total in-flight flits = 0 (0 measured)
latency change    = 3.65904e-05
throughput change = 0.130693

Phase 7 time 7000001
Class 0:
Minimum packet latency = 8
Average packet latency = 11.0356
Maximum packet latency = 20
Minimum network latency = 8
Average network latency = 11.0356
Maximum network latency = 20
Slowest packet = 26039
Minimum flit latency = 8
Average flit latency = 9.03608
Maximum flit latency = 16
Slowest flit = 78115
Minimum fragmentation = 0
Average fragmentation = 0.0092951
Maximum fragmentation = 6
Minimum injected packet rate = 0.000926 (at node 1)
Average injected packet rate = 0.00140243
Maximum injected packet rate = 0.00280486 (at node 0)
Minimum accepted packet rate = 0.000926 (at node 1)
Average accepted packet rate = 0.00140243
Maximum accepted packet rate = 0.00280486 (at node 0)
Minimum injected flit rate = 0.00285114 (at node 1)
Average injected flit rate = 0.00420729
Maximum injected flit rate = 0.00819514 (at node 0)
Minimum accepted flit rate = 0.00270486 (at node 1)
Average accepted flit rate = 0.00420729
Maximum accepted flit rate = 0.008634 (at node 0)
Average injected packet length = 3
Average accepted packet length = 3
Total in-flight flits = 0 (0 measured)
latency change    = 2.29223e-05
throughput change = 0.0740891

Phase 8 time 8000001
Class 0:
Minimum packet latency = 8
Average packet latency = 11.0399
Maximum packet latency = 20
Minimum network latency = 8
Average network latency = 11.0399
Maximum network latency = 20
Slowest packet = 26039
Minimum flit latency = 8
Average flit latency = 9.04034
Maximum flit latency = 16
Slowest flit = 78115
Minimum fragmentation = 0
Average fragmentation = 0.0101258
Maximum fragmentation = 6
Minimum injected packet rate = 0.000985 (at node 1)
Average injected packet rate = 0.00149062
Maximum injected packet rate = 0.00298125 (at node 0)
Minimum accepted packet rate = 0.000985 (at node 1)
Average accepted packet rate = 0.00149062
Maximum accepted packet rate = 0.00298125 (at node 0)
Minimum injected flit rate = 0.003019 (at node 1)
Average injected flit rate = 0.00447187
Maximum injected flit rate = 0.00875175 (at node 0)
Minimum accepted flit rate = 0.002891 (at node 1)
Average accepted flit rate = 0.00447187
Maximum accepted flit rate = 0.00913575 (at node 0)
Average injected packet length = 3
Average accepted packet length = 3
Total in-flight flits = 0 (0 measured)
latency change    = 0.000395026
throughput change = 0.0591674

Phase 9 time 9000001
Class 0:
Minimum packet latency = 8
Average packet latency = 11.0423
Maximum packet latency = 20
Minimum network latency = 8
Average network latency = 11.0423
Maximum network latency = 20
Slowest packet = 26039
Minimum flit latency = 8
Average flit latency = 9.04253
Maximum flit latency = 16
Slowest flit = 78115
Minimum fragmentation = 0
Average fragmentation = 0.010354
Maximum fragmentation = 6
Minimum injected packet rate = 0.000938444 (at node 1)
Average injected packet rate = 0.00142189
Maximum injected packet rate = 0.00284378 (at node 0)
Minimum accepted packet rate = 0.000938444 (at node 1)
Average accepted packet rate = 0.00142189
Maximum accepted packet rate = 0.00284378 (at node 0)
Minimum injected flit rate = 0.00287222 (at node 1)
Average injected flit rate = 0.00426567
Maximum injected flit rate = 0.00836067 (at node 0)
Minimum accepted flit rate = 0.00275844 (at node 1)
Average accepted flit rate = 0.00426567
Maximum accepted flit rate = 0.008702 (at node 0)
Average injected packet length = 3
Average accepted packet length = 3
Total in-flight flits = 0 (0 measured)
latency change    = 0.000213539
throughput change = 0.0483414

Phase 10 time 10000001
Class 0:
Minimum packet latency = 8
Average packet latency = 11.0416
Maximum packet latency = 20
Minimum network latency = 8
Average network latency = 11.0416
Maximum network latency = 20
Slowest packet = 26039
Minimum flit latency = 8
Average flit latency = 9.04184
Maximum flit latency = 16
Slowest flit = 78115
Minimum fragmentation = 0
Average fragmentation = 0.0100234
Maximum fragmentation = 6
Minimum injected packet rate = 0.0008788 (at node 1)
Average injected packet rate = 0.00133687
Maximum injected packet rate = 0.0026738 (at node 0)
Minimum accepted packet rate = 0.0008788 (at node 1)
Average accepted packet rate = 0.00133687
Maximum accepted packet rate = 0.0026737 (at node 0)
Minimum injected flit rate = 0.0026876 (at node 1)
Average injected flit rate = 0.00401057
Maximum injected flit rate = 0.0078678 (at node 0)
Minimum accepted flit rate = 0.0025852 (at node 1)
Average accepted flit rate = 0.00401057
Maximum accepted flit rate = 0.0081745 (at node 0)
Average injected packet length = 2.99996
Average accepted packet length = 2.99996
Total in-flight flits = 0 (0 measured)
latency change    = 5.88174e-05
throughput change = 0.0636047

Phase 11 time 11000001
Class 0:
Minimum packet latency = 8
Average packet latency = 11.0448
Maximum packet latency = 20
Minimum network latency = 8
Average network latency = 11.0448
Maximum network latency = 20
Slowest packet = 26039
Minimum flit latency = 8
Average flit latency = 9.04486
Maximum flit latency = 16
Slowest flit = 78115
Minimum fragmentation = 0
Average fragmentation = 0.00965362
Maximum fragmentation = 6
Minimum injected packet rate = 0.000885273 (at node 1)
Average injected packet rate = 0.001349
Maximum injected packet rate = 0.002698 (at node 0)
Minimum accepted packet rate = 0.000885273 (at node 1)
Average accepted packet rate = 0.001349
Maximum accepted packet rate = 0.002698 (at node 0)
Minimum injected flit rate = 0.00270236 (at node 1)
Average injected flit rate = 0.004047
Maximum injected flit rate = 0.00795436 (at node 0)
Minimum accepted flit rate = 0.00260927 (at node 1)
Average accepted flit rate = 0.004047
Maximum accepted flit rate = 0.00823364 (at node 0)
Average injected packet length = 3
Average accepted packet length = 3
Total in-flight flits = 0 (0 measured)
latency change    = 0.000283846
throughput change = 0.0090005

Phase 12 time 12000001
Class 0:
Minimum packet latency = 8
Average packet latency = 11.0449
Maximum packet latency = 20
Minimum network latency = 8
Average network latency = 11.0449
Maximum network latency = 20
Slowest packet = 26039
Minimum flit latency = 8
Average flit latency = 9.04493
Maximum flit latency = 16
Slowest flit = 78115
Minimum fragmentation = 0
Average fragmentation = 0.0103343
Maximum fragmentation = 6
Minimum injected packet rate = 0.000909667 (at node 1)
Average injected packet rate = 0.00138092
Maximum injected packet rate = 0.00276183 (at node 0)
Minimum accepted packet rate = 0.000909667 (at node 1)
Average accepted packet rate = 0.00138092
Maximum accepted packet rate = 0.00276183 (at node 0)
Minimum injected flit rate = 0.00277167 (at node 1)
Average injected flit rate = 0.00414275
Maximum injected flit rate = 0.0081575 (at node 0)
Minimum accepted flit rate = 0.00268633 (at node 1)
Average accepted flit rate = 0.00414275
Maximum accepted flit rate = 0.0084135 (at node 0)
Average injected packet length = 3
Average accepted packet length = 3
Total in-flight flits = 0 (0 measured)
latency change    = 1.19651e-05
throughput change = 0.0231127

Phase 13 time 13000001
Class 0:
Minimum packet latency = 8
Average packet latency = 11.041
Maximum packet latency = 20
Minimum network latency = 8
Average network latency = 11.041
Maximum network latency = 20
Slowest packet = 26039
Minimum flit latency = 8
Average flit latency = 9.04112
Maximum flit latency = 16
Slowest flit = 78115
Minimum fragmentation = 0
Average fragmentation = 0.0100697
Maximum fragmentation = 6
Minimum injected packet rate = 0.000868769 (at node 1)
Average injected packet rate = 0.00131392
Maximum injected packet rate = 0.00262785 (at node 0)
Minimum accepted packet rate = 0.000868769 (at node 1)
Average accepted packet rate = 0.00131392
Maximum accepted packet rate = 0.00262785 (at node 0)
Minimum injected flit rate = 0.00264569 (at node 1)
Average injected flit rate = 0.00394177
Maximum injected flit rate = 0.00776538 (at node 0)
Minimum accepted flit rate = 0.00256692 (at node 1)
Average accepted flit rate = 0.00394177
Maximum accepted flit rate = 0.00800169 (at node 0)
Average injected packet length = 3
Average accepted packet length = 3
Total in-flight flits = 0 (0 measured)
latency change    = 0.000350787
throughput change = 0.0509874

Phase 14 time 14000001
Class 0:
Minimum packet latency = 8
Average packet latency = 11.0455
Maximum packet latency = 20
Minimum network latency = 8
Average network latency = 11.0455
Maximum network latency = 20
Slowest packet = 26039
Minimum flit latency = 8
Average flit latency = 9.04561
Maximum flit latency = 16
Slowest flit = 78115
Minimum fragmentation = 0
Average fragmentation = 0.00959196
Maximum fragmentation = 6
Minimum injected packet rate = 0.000852714 (at node 2)
Average injected packet rate = 0.00129014
Maximum injected packet rate = 0.00258029 (at node 0)
Minimum accepted packet rate = 0.000852714 (at node 2)
Average accepted packet rate = 0.00129014
Maximum accepted packet rate = 0.00258029 (at node 0)
Minimum injected flit rate = 0.00259471 (at node 2)
Average injected flit rate = 0.00387043
Maximum injected flit rate = 0.00763114 (at node 0)
Minimum accepted flit rate = 0.00252157 (at node 2)
Average accepted flit rate = 0.00387043
Maximum accepted flit rate = 0.00785057 (at node 0)
Average injected packet length = 3
Average accepted packet length = 3
Total in-flight flits = 0 (0 measured)
latency change    = 0.000407209
throughput change = 0.0184322

Phase 15 time 15000001
Class 0:
Minimum packet latency = 8
Average packet latency = 11.0441
Maximum packet latency = 20
Minimum network latency = 8
Average network latency = 11.0441
Maximum network latency = 20
Slowest packet = 26039
Minimum flit latency = 8
Average flit latency = 9.04441
Maximum flit latency = 16
Slowest flit = 78115
Minimum fragmentation = 0
Average fragmentation = 0.0103552
Maximum fragmentation = 6
Minimum injected packet rate = 0.0009044 (at node 2)
Average injected packet rate = 0.00136647
Maximum injected packet rate = 0.00273293 (at node 0)
Minimum accepted packet rate = 0.0009044 (at node 2)
Average accepted packet rate = 0.00136647
Maximum accepted packet rate = 0.00273293 (at node 0)
Minimum injected flit rate = 0.00274733 (at node 2)
Average injected flit rate = 0.0040994
Maximum injected flit rate = 0.0080964 (at node 0)
Minimum accepted flit rate = 0.00267907 (at node 2)
Average accepted flit rate = 0.0040994
Maximum accepted flit rate = 0.0083012 (at node 0)
Average injected packet length = 3
Average accepted packet length = 3
Total in-flight flits = 0 (0 measured)
latency change    = 0.000132014
throughput change = 0.0558549

Phase 16 time 16000001
Class 0:
Minimum packet latency = 8
Average packet latency = 11.0455
Maximum packet latency = 20
Minimum network latency = 8
Average network latency = 11.0455
Maximum network latency = 20
Slowest packet = 26039
Minimum flit latency = 8
Average flit latency = 9.04578
Maximum flit latency = 16
Slowest flit = 78115
Minimum fragmentation = 0
Average fragmentation = 0.010185
Maximum fragmentation = 6
Minimum injected packet rate = 0.00087 (at node 2)
Average injected packet rate = 0.00131781
Maximum injected packet rate = 0.00263562 (at node 0)
Minimum accepted packet rate = 0.00087 (at node 2)
Average accepted packet rate = 0.00131781
Maximum accepted packet rate = 0.00263562 (at node 0)
Minimum injected flit rate = 0.002642 (at node 2)
Average injected flit rate = 0.00395344
Maximum injected flit rate = 0.00781087 (at node 0)
Minimum accepted flit rate = 0.002578 (at node 2)
Average accepted flit rate = 0.00395344
Maximum accepted flit rate = 0.00800287 (at node 0)
Average injected packet length = 3
Average accepted packet length = 3
Total in-flight flits = 0 (0 measured)
latency change    = 0.000125942
throughput change = 0.0369204

Phase 17 time 17000001
Class 0:
Minimum packet latency = 8
Average packet latency = 11.0463
Maximum packet latency = 20
Minimum network latency = 8
Average network latency = 11.0463
Maximum network latency = 20
Slowest packet = 26039
Minimum flit latency = 8
Average flit latency = 9.04656
Maximum flit latency = 16
Slowest flit = 78115
Minimum fragmentation = 0
Average fragmentation = 0.0101894
Maximum fragmentation = 6
Minimum injected packet rate = 0.000849529 (at node 2)
Average injected packet rate = 0.00128594
Maximum injected packet rate = 0.00257188 (at node 0)
Minimum accepted packet rate = 0.000849529 (at node 2)
Average accepted packet rate = 0.00128594
Maximum accepted packet rate = 0.00257188 (at node 0)
Minimum injected flit rate = 0.00257871 (at node 2)
Average injected flit rate = 0.00385782
Maximum injected flit rate = 0.00762529 (at node 0)
Minimum accepted flit rate = 0.00251847 (at node 2)
Average accepted flit rate = 0.00385782
Maximum accepted flit rate = 0.007806 (at node 0)
Average injected packet length = 3
Average accepted packet length = 3
Total in-flight flits = 0 (0 measured)
latency change    = 7.23229e-05
throughput change = 0.0247844

Phase 18 time 17819096
Class 0:
Minimum packet latency = 8
Average packet latency = 11.0459
Maximum packet latency = 20
Minimum network latency = 8
Average network latency = 11.0459
Maximum network latency = 20
Slowest packet = 26039
Minimum flit latency = 8
Average flit latency = 9.04625
Maximum flit latency = 16
Slowest flit = 78115
Minimum fragmentation = 0
Average fragmentation = 0.00981414
Maximum fragmentation = 6
Minimum injected packet rate = 0.000872098 (at node 2)
Average injected packet rate = 0.00131948
Maximum injected packet rate = 0.00263897 (at node 0)
Minimum accepted packet rate = 0.000872098 (at node 2)
Average accepted packet rate = 0.00131948
Maximum accepted packet rate = 0.00263897 (at node 0)
Minimum injected flit rate = 0.00264503 (at node 2)
Average injected flit rate = 0.00395845
Maximum injected flit rate = 0.0078307 (at node 0)
Minimum accepted flit rate = 0.00258756 (at node 2)
Average accepted flit rate = 0.00395845
Maximum accepted flit rate = 0.0080031 (at node 0)
Average injected packet length = 3
Average accepted packet length = 3
Total in-flight flits = 0 (0 measured)
latency change    = 2.94215e-05
throughput change = 0.0254207

Draining remaining packets ...
Time 17819096
Total phase 19
Time taken is 17819096 cycles
====== Traffic class 0 ======
Overall minimum packet latency = 8 (1 samples)
Overall average packet latency = 11.0459 (1 samples)
Overall maximum packet latency = 20 (1 samples)
Overall minimum network latency = 8 (1 samples)
Overall average network latency = 11.0459 (1 samples)
Overall maximum network latency = 20 (1 samples)
Overall minimum flit latency = 8 (1 samples)
Overall average flit latency = 9.04625 (1 samples)
Overall maximum flit latency = 16 (1 samples)
Overall minimum fragmentation = 0 (1 samples)
Overall average fragmentation = 0.00981414 (1 samples)
Overall maximum fragmentation = 6 (1 samples)
Overall minimum injected packet rate = 0.000872098 (1 samples)
Overall average injected packet rate = 0.00131948 (1 samples)
Overall maximum injected packet rate = 0.00263897 (1 samples)
Overall minimum accepted packet rate = 0.000872098 (1 samples)
Overall average accepted packet rate = 0.00131948 (1 samples)
Overall maximum accepted packet rate = 0.00263897 (1 samples)
Overall minimum injected flit rate = 0.00264503 (1 samples)
Overall average injected flit rate = 0.00395845 (1 samples)
Overall maximum injected flit rate = 0.0078307 (1 samples)
Overall minimum accepted flit rate = 0.00258756 (1 samples)
Overall average accepted flit rate = 0.00395845 (1 samples)
Overall maximum accepted flit rate = 0.0080031 (1 samples)
Overall average injected packet size = 3 (1 samples)
Overall average accepted packet size = 3 (1 samples)
Overall average hops = 2.33898 (1 samples)
BookSim: Total_run_time 27.2723
