Phase 0 time 1
Class 0:
Minimum packet latency = 1.79769e+308
Average packet latency = -nan
Maximum packet latency = 2.22507e-308
Minimum network latency = 1.79769e+308
Average network latency = -nan
Maximum network latency = 2.22507e-308
Slowest packet = -1
Minimum flit latency = 1.79769e+308
Average flit latency = -nan
Maximum flit latency = 2.22507e-308
Slowest flit = -1
Minimum fragmentation = 1.79769e+308
Average fragmentation = -nan
Maximum fragmentation = 2.22507e-308
Minimum injected packet rate = 0 (at node 0)
Average injected packet rate = 0
Maximum injected packet rate = 0 (at node 0)
Minimum accepted packet rate = 0 (at node 0)
Average accepted packet rate = 0
Maximum accepted packet rate = 0 (at node 0)
Minimum injected flit rate = 0 (at node 0)
Average injected flit rate = 0
Maximum injected flit rate = 0 (at node 0)
Minimum accepted flit rate = 0 (at node 0)
Average accepted flit rate = 0
Maximum accepted flit rate = 0 (at node 0)
Average injected packet length = -nan
Average accepted packet length = -nan
Total in-flight flits = 0 (0 measured)
latency change    = nan
throughput change = nan

Phase 1 time 1000001
Class 0:
Minimum packet latency = 8
Average packet latency = 10.0821
Maximum packet latency = 17
Minimum network latency = 8
Average network latency = 10.0821
Maximum network latency = 17
Slowest packet = 29
Minimum flit latency = 8
Average flit latency = 8.0844
Maximum flit latency = 13
Slowest flit = 81
Minimum fragmentation = 0
Average fragmentation = 0.00176443
Maximum fragmentation = 5
Minimum injected packet rate = 0.000788999 (at node 3)
Average injected packet rate = 0.016861
Maximum injected packet rate = 0.033722 (at node 0)
Minimum accepted packet rate = 0.000788999 (at node 3)
Average accepted packet rate = 0.016861
Maximum accepted packet rate = 0.033722 (at node 0)
Minimum injected flit rate = 0.002581 (at node 3)
Average injected flit rate = 0.0505829
Maximum injected flit rate = 0.10053 (at node 0)
Minimum accepted flit rate = 0.002153 (at node 3)
Average accepted flit rate = 0.0505829
Maximum accepted flit rate = 0.101802 (at node 0)
Average injected packet length = 3
Average accepted packet length = 3
Total in-flight flits = 0 (0 measured)
latency change    = nan
throughput change = 1

Phase 2 time 2000001
Class 0:
Minimum packet latency = 8
Average packet latency = 10.2496
Maximum packet latency = 17
Minimum network latency = 8
Average network latency = 10.2496
Maximum network latency = 17
Slowest packet = 29
Minimum flit latency = 8
Average flit latency = 8.25098
Maximum flit latency = 13
Slowest flit = 81
Minimum fragmentation = 0
Average fragmentation = 0.00132057
Maximum fragmentation = 5
Minimum injected packet rate = 0.00066 (at node 2)
Average injected packet rate = 0.0136305
Maximum injected packet rate = 0.027261 (at node 0)
Minimum accepted packet rate = 0.00066 (at node 2)
Average accepted packet rate = 0.0136305
Maximum accepted packet rate = 0.027261 (at node 0)
Minimum injected flit rate = 0.002088 (at node 2)
Average injected flit rate = 0.0408915
Maximum injected flit rate = 0.081465 (at node 0)
Minimum accepted flit rate = 0.001872 (at node 2)
Average accepted flit rate = 0.0408915
Maximum accepted flit rate = 0.082101 (at node 0)
Average injected packet length = 3
Average accepted packet length = 3
Total in-flight flits = 0 (0 measured)
latency change    = 0.0163412
throughput change = 0.237005

Phase 3 time 3000001
Class 0:
Minimum packet latency = 8
Average packet latency = 10.4162
Maximum packet latency = 17
Minimum network latency = 8
Average network latency = 10.4162
Maximum network latency = 17
Slowest packet = 29
Minimum flit latency = 8
Average flit latency = 8.41695
Maximum flit latency = 13
Slowest flit = 81
Minimum fragmentation = 0
Average fragmentation = 0.00102841
Maximum fragmentation = 5
Minimum injected packet rate = 0.00111867 (at node 2)
Average injected packet rate = 0.0116685
Maximum injected packet rate = 0.023337 (at node 0)
Minimum accepted packet rate = 0.00111867 (at node 2)
Average accepted packet rate = 0.0116685
Maximum accepted packet rate = 0.023337 (at node 0)
Minimum injected flit rate = 0.003428 (at node 2)
Average injected flit rate = 0.0350055
Maximum injected flit rate = 0.0697983 (at node 0)
Minimum accepted flit rate = 0.003284 (at node 2)
Average accepted flit rate = 0.0350055
Maximum accepted flit rate = 0.0702236 (at node 0)
Average injected packet length = 3
Average accepted packet length = 3
Total in-flight flits = 0 (0 measured)
latency change    = 0.015987
throughput change = 0.168145

Phase 4 time 4000001
Class 0:
Minimum packet latency = 8
Average packet latency = 10.566
Maximum packet latency = 18
Minimum network latency = 8
Average network latency = 10.566
Maximum network latency = 18
Slowest packet = 153277
Minimum flit latency = 8
Average flit latency = 8.56658
Maximum flit latency = 16
Slowest flit = 455414
Minimum fragmentation = 0
Average fragmentation = 0.00144553
Maximum fragmentation = 5
Minimum injected packet rate = 0.00261875 (at node 2)
Average injected packet rate = 0.0115011
Maximum injected packet rate = 0.0230022 (at node 0)
Minimum accepted packet rate = 0.00261875 (at node 2)
Average accepted packet rate = 0.011501
Maximum accepted packet rate = 0.023002 (at node 0)
Minimum injected flit rate = 0.00791475 (at node 2)
Average injected flit rate = 0.0345033
Maximum injected flit rate = 0.0688332 (at node 0)
Minimum accepted flit rate = 0.00779775 (at node 2)
Average accepted flit rate = 0.034503
Maximum accepted flit rate = 0.06918 (at node 0)
Average injected packet length = 3.00001
Average accepted packet length = 3
Total in-flight flits = 5 (5 measured)
latency change    = 0.0141827
throughput change = 0.0145639

Phase 5 time 5000001
Class 0:
Minimum packet latency = 8
Average packet latency = 10.6549
Maximum packet latency = 18
Minimum network latency = 8
Average network latency = 10.6549
Maximum network latency = 18
Slowest packet = 153277
Minimum flit latency = 8
Average flit latency = 8.65534
Maximum flit latency = 16
Slowest flit = 455414
Minimum fragmentation = 0
Average fragmentation = 0.00115233
Maximum fragmentation = 5
Minimum injected packet rate = 0.003651 (at node 2)
Average injected packet rate = 0.0115418
Maximum injected packet rate = 0.0230836 (at node 0)
Minimum accepted packet rate = 0.003651 (at node 2)
Average accepted packet rate = 0.0115418
Maximum accepted packet rate = 0.0230836 (at node 0)
Minimum injected flit rate = 0.0109998 (at node 2)
Average injected flit rate = 0.0346254
Maximum injected flit rate = 0.0691116 (at node 0)
Minimum accepted flit rate = 0.0109062 (at node 2)
Average accepted flit rate = 0.0346254
Maximum accepted flit rate = 0.06939 (at node 0)
Average injected packet length = 3
Average accepted packet length = 3
Total in-flight flits = 0 (0 measured)
latency change    = 0.00834118
throughput change = 0.00353503

Phase 6 time 6000001
Class 0:
Minimum packet latency = 8
Average packet latency = 10.7126
Maximum packet latency = 18
Minimum network latency = 8
Average network latency = 10.7126
Maximum network latency = 18
Slowest packet = 153277
Minimum flit latency = 8
Average flit latency = 8.71296
Maximum flit latency = 16
Slowest flit = 455414
Minimum fragmentation = 0
Average fragmentation = 0.000958237
Maximum fragmentation = 5
Minimum injected packet rate = 0.00435417 (at node 2)
Average injected packet rate = 0.0115664
Maximum injected packet rate = 0.023133 (at node 0)
Minimum accepted packet rate = 0.00435417 (at node 2)
Average accepted packet rate = 0.0115664
Maximum accepted packet rate = 0.0231327 (at node 0)
Minimum injected flit rate = 0.0131015 (at node 2)
Average injected flit rate = 0.0346994
Maximum injected flit rate = 0.0692837 (at node 0)
Minimum accepted flit rate = 0.0130237 (at node 2)
Average accepted flit rate = 0.0346992
Maximum accepted flit rate = 0.069514 (at node 0)
Average injected packet length = 3.00001
Average accepted packet length = 3.00001
Total in-flight flits = 4 (4 measured)
latency change    = 0.005386
throughput change = 0.00212832

Phase 7 time 7000001
Class 0:
Minimum packet latency = 8
Average packet latency = 10.7596
Maximum packet latency = 21
Minimum network latency = 8
Average network latency = 10.7596
Maximum network latency = 21
Slowest packet = 287743
Minimum flit latency = 8
Average flit latency = 8.75994
Maximum flit latency = 17
Slowest flit = 863223
Minimum fragmentation = 0
Average fragmentation = 0.00115536
Maximum fragmentation = 5
Minimum injected packet rate = 0.00478829 (at node 2)
Average injected packet rate = 0.0115611
Maximum injected packet rate = 0.0231221 (at node 0)
Minimum accepted packet rate = 0.00478829 (at node 2)
Average accepted packet rate = 0.0115611
Maximum accepted packet rate = 0.0231221 (at node 0)
Minimum injected flit rate = 0.0143986 (at node 2)
Average injected flit rate = 0.0346832
Maximum injected flit rate = 0.0692661 (at node 0)
Minimum accepted flit rate = 0.0143311 (at node 2)
Average accepted flit rate = 0.0346832
Maximum accepted flit rate = 0.0694667 (at node 0)
Average injected packet length = 3
Average accepted packet length = 3
Total in-flight flits = 0 (0 measured)
latency change    = 0.00436776
throughput change = 0.000462324

Phase 8 time 8000001
Class 0:
Minimum packet latency = 8
Average packet latency = 10.7899
Maximum packet latency = 21
Minimum network latency = 8
Average network latency = 10.7899
Maximum network latency = 21
Slowest packet = 287743
Minimum flit latency = 8
Average flit latency = 8.79025
Maximum flit latency = 17
Slowest flit = 863223
Minimum fragmentation = 0
Average fragmentation = 0.00100945
Maximum fragmentation = 5
Minimum injected packet rate = 0.00516987 (at node 2)
Average injected packet rate = 0.0115782
Maximum injected packet rate = 0.0231564 (at node 0)
Minimum accepted packet rate = 0.00517 (at node 2)
Average accepted packet rate = 0.0115781
Maximum accepted packet rate = 0.0231561 (at node 0)
Minimum injected flit rate = 0.0155387 (at node 2)
Average injected flit rate = 0.0347344
Maximum injected flit rate = 0.0693814 (at node 0)
Minimum accepted flit rate = 0.0154805 (at node 2)
Average accepted flit rate = 0.0347342
Maximum accepted flit rate = 0.0695556 (at node 0)
Average injected packet length = 2.99999
Average accepted packet length = 2.99999
Total in-flight flits = 5 (5 measured)
latency change    = 0.00281248
throughput change = 0.00146934

Phase 9 time 9000001
Class 0:
Minimum packet latency = 8
Average packet latency = 10.817
Maximum packet latency = 21
Minimum network latency = 8
Average network latency = 10.817
Maximum network latency = 21
Slowest packet = 287743
Minimum flit latency = 8
Average flit latency = 8.81729
Maximum flit latency = 17
Slowest flit = 863223
Minimum fragmentation = 0
Average fragmentation = 0.00111828
Maximum fragmentation = 5
Minimum injected packet rate = 0.00542822 (at node 2)
Average injected packet rate = 0.0115753
Maximum injected packet rate = 0.0231508 (at node 0)
Minimum accepted packet rate = 0.00542822 (at node 2)
Average accepted packet rate = 0.0115753
Maximum accepted packet rate = 0.0231506 (at node 0)
Minimum injected flit rate = 0.0163109 (at node 2)
Average injected flit rate = 0.0347261
Maximum injected flit rate = 0.0693748 (at node 0)
Minimum accepted flit rate = 0.0162587 (at node 2)
Average accepted flit rate = 0.034726
Maximum accepted flit rate = 0.0695297 (at node 0)
Average injected packet length = 3.00001
Average accepted packet length = 3.00001
Total in-flight flits = 3 (3 measured)
latency change    = 0.00250198
throughput change = 0.00023676

Phase 10 time 10000001
Class 0:
Minimum packet latency = 8
Average packet latency = 10.8357
Maximum packet latency = 21
Minimum network latency = 8
Average network latency = 10.8357
Maximum network latency = 21
Slowest packet = 287743
Minimum flit latency = 8
Average flit latency = 8.83602
Maximum flit latency = 17
Slowest flit = 863223
Minimum fragmentation = 0
Average fragmentation = 0.00108623
Maximum fragmentation = 5
Minimum injected packet rate = 0.0056714 (at node 2)
Average injected packet rate = 0.0115767
Maximum injected packet rate = 0.0231535 (at node 0)
Minimum accepted packet rate = 0.0056714 (at node 2)
Average accepted packet rate = 0.0115767
Maximum accepted packet rate = 0.0231534 (at node 0)
Minimum injected flit rate = 0.0170378 (at node 2)
Average injected flit rate = 0.0347302
Maximum injected flit rate = 0.0693903 (at node 0)
Minimum accepted flit rate = 0.0169906 (at node 2)
Average accepted flit rate = 0.0347301
Maximum accepted flit rate = 0.0695303 (at node 0)
Average injected packet length = 3
Average accepted packet length = 3
Total in-flight flits = 4 (4 measured)
latency change    = 0.00173128
throughput change = 0.000118704

Phase 11 time 11000001
Class 0:
Minimum packet latency = 8
Average packet latency = 10.8527
Maximum packet latency = 21
Minimum network latency = 8
Average network latency = 10.8527
Maximum network latency = 21
Slowest packet = 287743
Minimum flit latency = 8
Average flit latency = 8.85292
Maximum flit latency = 17
Slowest flit = 863223
Minimum fragmentation = 0
Average fragmentation = 0.00108314
Maximum fragmentation = 5
Minimum injected packet rate = 0.00585145 (at node 2)
Average injected packet rate = 0.0115825
Maximum injected packet rate = 0.023165 (at node 0)
Minimum accepted packet rate = 0.00585145 (at node 2)
Average accepted packet rate = 0.0115825
Maximum accepted packet rate = 0.0231649 (at node 0)
Minimum injected flit rate = 0.0175758 (at node 2)
Average injected flit rate = 0.0347475
Maximum injected flit rate = 0.0694312 (at node 0)
Minimum accepted flit rate = 0.0175329 (at node 2)
Average accepted flit rate = 0.0347474
Maximum accepted flit rate = 0.0695584 (at node 0)
Average injected packet length = 3
Average accepted packet length = 3
Total in-flight flits = 4 (4 measured)
latency change    = 0.00155792
throughput change = 0.000496711

Phase 12 time 12000001
Class 0:
Minimum packet latency = 8
Average packet latency = 10.8688
Maximum packet latency = 21
Minimum network latency = 8
Average network latency = 10.8688
Maximum network latency = 21
Slowest packet = 287743
Minimum flit latency = 8
Average flit latency = 8.86912
Maximum flit latency = 17
Slowest flit = 863223
Minimum fragmentation = 0
Average fragmentation = 0.00124939
Maximum fragmentation = 5
Minimum injected packet rate = 0.00596783 (at node 2)
Average injected packet rate = 0.0115723
Maximum injected packet rate = 0.0231446 (at node 0)
Minimum accepted packet rate = 0.00596783 (at node 2)
Average accepted packet rate = 0.0115723
Maximum accepted packet rate = 0.0231446 (at node 0)
Minimum injected flit rate = 0.0179232 (at node 2)
Average injected flit rate = 0.0347169
Maximum injected flit rate = 0.0693752 (at node 0)
Minimum accepted flit rate = 0.0178838 (at node 2)
Average accepted flit rate = 0.0347169
Maximum accepted flit rate = 0.0694922 (at node 0)
Average injected packet length = 3
Average accepted packet length = 3
Total in-flight flits = 0 (0 measured)
latency change    = 0.0014898
throughput change = 0.00087951

Phase 13 time 12129086
Class 0:
Minimum packet latency = 8
Average packet latency = 10.8713
Maximum packet latency = 21
Minimum network latency = 8
Average network latency = 10.8713
Maximum network latency = 21
Slowest packet = 287743
Minimum flit latency = 8
Average flit latency = 8.87156
Maximum flit latency = 17
Slowest flit = 863223
Minimum fragmentation = 0
Average fragmentation = 0.00130092
Maximum fragmentation = 5
Minimum injected packet rate = 0.00596187 (at node 2)
Average injected packet rate = 0.0115502
Maximum injected packet rate = 0.0231004 (at node 0)
Minimum accepted packet rate = 0.00596187 (at node 2)
Average accepted packet rate = 0.0115502
Maximum accepted packet rate = 0.0231004 (at node 0)
Minimum injected flit rate = 0.0179067 (at node 2)
Average injected flit rate = 0.0346506
Maximum injected flit rate = 0.0692378 (at node 0)
Minimum accepted flit rate = 0.0178645 (at node 2)
Average accepted flit rate = 0.0346506
Maximum accepted flit rate = 0.0693647 (at node 0)
Average injected packet length = 3
Average accepted packet length = 3
Total in-flight flits = 0 (0 measured)
latency change    = 0.000222452
throughput change = 0.00191165

Draining remaining packets ...
Time 12129086
Total phase 14
Time taken is 12129086 cycles
====== Traffic class 0 ======
Overall minimum packet latency = 8 (1 samples)
Overall average packet latency = 10.8713 (1 samples)
Overall maximum packet latency = 21 (1 samples)
Overall minimum network latency = 8 (1 samples)
Overall average network latency = 10.8713 (1 samples)
Overall maximum network latency = 21 (1 samples)
Overall minimum flit latency = 8 (1 samples)
Overall average flit latency = 8.87156 (1 samples)
Overall maximum flit latency = 17 (1 samples)
Overall minimum fragmentation = 0 (1 samples)
Overall average fragmentation = 0.00130092 (1 samples)
Overall maximum fragmentation = 5 (1 samples)
Overall minimum injected packet rate = 0.00596187 (1 samples)
Overall average injected packet rate = 0.0115502 (1 samples)
Overall maximum injected packet rate = 0.0231004 (1 samples)
Overall minimum accepted packet rate = 0.00596187 (1 samples)
Overall average accepted packet rate = 0.0115502 (1 samples)
Overall maximum accepted packet rate = 0.0231004 (1 samples)
Overall minimum injected flit rate = 0.0179067 (1 samples)
Overall average injected flit rate = 0.0346506 (1 samples)
Overall maximum injected flit rate = 0.0692378 (1 samples)
Overall minimum accepted flit rate = 0.0178645 (1 samples)
Overall average accepted flit rate = 0.0346506 (1 samples)
Overall maximum accepted flit rate = 0.0693647 (1 samples)
Overall average injected packet size = 3 (1 samples)
Overall average accepted packet size = 3 (1 samples)
Overall average hops = 2.28821 (1 samples)
BookSim: Total_run_time 30.8136
